2021-09-30 08:21:35 [::1][-][43oqqt7c2sfr7to8cju4rli1lv][error][Error] Error: Class 'app\controllers\EntryForm' not found in /home/qalandaraxmedov/Documents/mysite/yii/controllers/SiteController.php:134
Stack trace:
#0 [internal function]: app\controllers\SiteController->actionEntry()
#1 /home/qalandaraxmedov/Documents/mysite/yii/vendor/yiisoft/yii2/base/InlineAction.php(57): call_user_func_array()
#2 /home/qalandaraxmedov/Documents/mysite/yii/vendor/yiisoft/yii2/base/Controller.php(181): yii\base\InlineAction->runWithParams()
#3 /home/qalandaraxmedov/Documents/mysite/yii/vendor/yiisoft/yii2/base/Module.php(534): yii\base\Controller->runAction()
#4 /home/qalandaraxmedov/Documents/mysite/yii/vendor/yiisoft/yii2/web/Application.php(104): yii\base\Module->runAction()
#5 /home/qalandaraxmedov/Documents/mysite/yii/vendor/yiisoft/yii2/base/Application.php(392): yii\web\Application->handleRequest()
#6 /home/qalandaraxmedov/Documents/mysite/yii/web/index.php(12): yii\base\Application->run()
#7 {main}
2021-09-30 08:21:35 [::1][-][43oqqt7c2sfr7to8cju4rli1lv][info][application] $_GET = []

$_POST = []

$_FILES = []

$_COOKIE = [
    'PHPSESSID' => '43oqqt7c2sfr7to8cju4rli1lv'
    '_csrf' => 'ce2db90a24245bc1e8bd73f0cbb9a7d2fa5d9e33cb68fdc4223043da74013a0ca:2:{i:0;s:5:\"_csrf\";i:1;s:32:\"7dDw8_QNjGNAZqwz8WK-7h5-Wa2O6ytB\";}'
]

$_SESSION = [
    '__flash' => []
    '__captcha/site/captcha' => 'zmfohoc'
    '__captcha/site/captchacount' => 1
]

$_SERVER = [
    'DOCUMENT_ROOT' => '/home/qalandaraxmedov/Documents/mysite/yii/web'
    'REMOTE_ADDR' => '::1'
    'REMOTE_PORT' => '55718'
    'SERVER_SOFTWARE' => 'PHP 7.4.21 Development Server'
    'SERVER_PROTOCOL' => 'HTTP/1.1'
    'SERVER_NAME' => 'localhost'
    'SERVER_PORT' => '8080'
    'REQUEST_URI' => '/site/entry'
    'REQUEST_METHOD' => 'GET'
    'SCRIPT_NAME' => '/index.php'
    'SCRIPT_FILENAME' => '/home/qalandaraxmedov/Documents/mysite/yii/web/index.php'
    'PATH_INFO' => '/site/entry'
    'PHP_SELF' => '/index.php/site/entry'
    'HTTP_HOST' => 'localhost:8080'
    'HTTP_USER_AGENT' => 'Mozilla/5.0 (X11; Linux x86_64; rv:78.0) Gecko/20100101 Firefox/78.0'
    'HTTP_ACCEPT' => 'text/html,application/xhtml+xml,application/xml;q=0.9,image/webp,*/*;q=0.8'
    'HTTP_ACCEPT_LANGUAGE' => 'en-US,en;q=0.5'
    'HTTP_ACCEPT_ENCODING' => 'gzip, deflate'
    'HTTP_CONNECTION' => 'keep-alive'
    'HTTP_COOKIE' => 'PHPSESSID=43oqqt7c2sfr7to8cju4rli1lv; _csrf=ce2db90a24245bc1e8bd73f0cbb9a7d2fa5d9e33cb68fdc4223043da74013a0ca%3A2%3A%7Bi%3A0%3Bs%3A5%3A%22_csrf%22%3Bi%3A1%3Bs%3A32%3A%227dDw8_QNjGNAZqwz8WK-7h5-Wa2O6ytB%22%3B%7D'
    'HTTP_UPGRADE_INSECURE_REQUESTS' => '1'
    'REQUEST_TIME_FLOAT' => 1632990095.011
    'REQUEST_TIME' => 1632990095
]
2021-09-30 08:24:08 [::1][-][43oqqt7c2sfr7to8cju4rli1lv][error][Error] Error: Class 'app\controllers\EntryForm' not found in /home/qalandaraxmedov/Documents/mysite/yii/controllers/SiteController.php:134
Stack trace:
#0 [internal function]: app\controllers\SiteController->actionEntry()
#1 /home/qalandaraxmedov/Documents/mysite/yii/vendor/yiisoft/yii2/base/InlineAction.php(57): call_user_func_array()
#2 /home/qalandaraxmedov/Documents/mysite/yii/vendor/yiisoft/yii2/base/Controller.php(181): yii\base\InlineAction->runWithParams()
#3 /home/qalandaraxmedov/Documents/mysite/yii/vendor/yiisoft/yii2/base/Module.php(534): yii\base\Controller->runAction()
#4 /home/qalandaraxmedov/Documents/mysite/yii/vendor/yiisoft/yii2/web/Application.php(104): yii\base\Module->runAction()
#5 /home/qalandaraxmedov/Documents/mysite/yii/vendor/yiisoft/yii2/base/Application.php(392): yii\web\Application->handleRequest()
#6 /home/qalandaraxmedov/Documents/mysite/yii/web/index.php(12): yii\base\Application->run()
#7 {main}
2021-09-30 08:24:08 [::1][-][43oqqt7c2sfr7to8cju4rli1lv][info][application] $_GET = []

$_POST = []

$_FILES = []

$_COOKIE = [
    'PHPSESSID' => '43oqqt7c2sfr7to8cju4rli1lv'
    '_csrf' => 'ce2db90a24245bc1e8bd73f0cbb9a7d2fa5d9e33cb68fdc4223043da74013a0ca:2:{i:0;s:5:\"_csrf\";i:1;s:32:\"7dDw8_QNjGNAZqwz8WK-7h5-Wa2O6ytB\";}'
]

$_SESSION = [
    '__flash' => []
    '__captcha/site/captcha' => 'zmfohoc'
    '__captcha/site/captchacount' => 1
]

$_SERVER = [
    'DOCUMENT_ROOT' => '/home/qalandaraxmedov/Documents/mysite/yii/web'
    'REMOTE_ADDR' => '::1'
    'REMOTE_PORT' => '55734'
    'SERVER_SOFTWARE' => 'PHP 7.4.21 Development Server'
    'SERVER_PROTOCOL' => 'HTTP/1.1'
    'SERVER_NAME' => 'localhost'
    'SERVER_PORT' => '8080'
    'REQUEST_URI' => '/site/entry'
    'REQUEST_METHOD' => 'GET'
    'SCRIPT_NAME' => '/index.php'
    'SCRIPT_FILENAME' => '/home/qalandaraxmedov/Documents/mysite/yii/web/index.php'
    'PATH_INFO' => '/site/entry'
    'PHP_SELF' => '/index.php/site/entry'
    'HTTP_HOST' => 'localhost:8080'
    'HTTP_USER_AGENT' => 'Mozilla/5.0 (X11; Linux x86_64; rv:78.0) Gecko/20100101 Firefox/78.0'
    'HTTP_ACCEPT' => 'text/html,application/xhtml+xml,application/xml;q=0.9,image/webp,*/*;q=0.8'
    'HTTP_ACCEPT_LANGUAGE' => 'en-US,en;q=0.5'
    'HTTP_ACCEPT_ENCODING' => 'gzip, deflate'
    'HTTP_CONNECTION' => 'keep-alive'
    'HTTP_COOKIE' => 'PHPSESSID=43oqqt7c2sfr7to8cju4rli1lv; _csrf=ce2db90a24245bc1e8bd73f0cbb9a7d2fa5d9e33cb68fdc4223043da74013a0ca%3A2%3A%7Bi%3A0%3Bs%3A5%3A%22_csrf%22%3Bi%3A1%3Bs%3A32%3A%227dDw8_QNjGNAZqwz8WK-7h5-Wa2O6ytB%22%3B%7D'
    'HTTP_UPGRADE_INSECURE_REQUESTS' => '1'
    'HTTP_CACHE_CONTROL' => 'max-age=0'
    'REQUEST_TIME_FLOAT' => 1632990248.1518
    'REQUEST_TIME' => 1632990248
]
2021-10-01 12:56:12 [::1][-][-][error][yii\base\ErrorException:2] yii\base\ErrorException: session_start(): open(/var/lib/php/sessions/sess_46n0kcibd8dlfucpha31dsirtf, O_RDWR) failed: Permission denied (13) in /home/qalandaraxmedov/Documents/mysite/yii/vendor/yiisoft/yii2/web/Session.php:152
Stack trace:
#0 [internal function]: yii\base\ErrorHandler->handleError()
#1 /home/qalandaraxmedov/Documents/mysite/yii/vendor/yiisoft/yii2/web/Session.php(152): session_start()
#2 /home/qalandaraxmedov/Documents/mysite/yii/vendor/yiisoft/yii2/web/Session.php(700): yii\web\Session->open()
#3 /home/qalandaraxmedov/Documents/mysite/yii/vendor/yiisoft/yii2/web/User.php(693): yii\web\Session->get()
#4 /home/qalandaraxmedov/Documents/mysite/yii/vendor/yiisoft/yii2/web/User.php(199): yii\web\User->renewAuthStatus()
#5 /home/qalandaraxmedov/Documents/mysite/yii/vendor/yiisoft/yii2/web/User.php(367): yii\web\User->getIdentity()
#6 /home/qalandaraxmedov/Documents/mysite/yii/vendor/yiisoft/yii2/base/Component.php(140): yii\web\User->getIsGuest()
#7 /home/qalandaraxmedov/Documents/mysite/yii/vendor/yiisoft/yii2-debug/src/panels/UserPanel.php(83): yii\base\Component->__get()
#8 /home/qalandaraxmedov/Documents/mysite/yii/vendor/yiisoft/yii2/base/BaseObject.php(109): yii\debug\panels\UserPanel->init()
#9 [internal function]: yii\base\BaseObject->__construct()
#10 /home/qalandaraxmedov/Documents/mysite/yii/vendor/yiisoft/yii2/di/Container.php(420): ReflectionClass->newInstanceArgs()
#11 /home/qalandaraxmedov/Documents/mysite/yii/vendor/yiisoft/yii2/di/Container.php(171): yii\di\Container->build()
#12 /home/qalandaraxmedov/Documents/mysite/yii/vendor/yiisoft/yii2/BaseYii.php(365): yii\di\Container->get()
#13 /home/qalandaraxmedov/Documents/mysite/yii/vendor/yiisoft/yii2-debug/src/Module.php(255): yii\BaseYii::createObject()
#14 /home/qalandaraxmedov/Documents/mysite/yii/vendor/yiisoft/yii2-debug/src/Module.php(226): yii\debug\Module->initPanels()
#15 /home/qalandaraxmedov/Documents/mysite/yii/vendor/yiisoft/yii2/base/BaseObject.php(109): yii\debug\Module->init()
#16 /home/qalandaraxmedov/Documents/mysite/yii/vendor/yiisoft/yii2/base/Module.php(158): yii\base\BaseObject->__construct()
#17 [internal function]: yii\base\Module->__construct()
#18 /home/qalandaraxmedov/Documents/mysite/yii/vendor/yiisoft/yii2/di/Container.php(412): ReflectionClass->newInstanceArgs()
#19 /home/qalandaraxmedov/Documents/mysite/yii/vendor/yiisoft/yii2/di/Container.php(171): yii\di\Container->build()
#20 /home/qalandaraxmedov/Documents/mysite/yii/vendor/yiisoft/yii2/BaseYii.php(365): yii\di\Container->get()
#21 /home/qalandaraxmedov/Documents/mysite/yii/vendor/yiisoft/yii2/base/Module.php(427): yii\BaseYii::createObject()
#22 /home/qalandaraxmedov/Documents/mysite/yii/vendor/yiisoft/yii2/base/Application.php(321): yii\base\Module->getModule()
#23 /home/qalandaraxmedov/Documents/mysite/yii/vendor/yiisoft/yii2/web/Application.php(70): yii\base\Application->bootstrap()
#24 /home/qalandaraxmedov/Documents/mysite/yii/vendor/yiisoft/yii2/base/Application.php(279): yii\web\Application->bootstrap()
#25 /home/qalandaraxmedov/Documents/mysite/yii/vendor/yiisoft/yii2/base/BaseObject.php(109): yii\base\Application->init()
#26 /home/qalandaraxmedov/Documents/mysite/yii/vendor/yiisoft/yii2/base/Application.php(212): yii\base\BaseObject->__construct()
#27 /home/qalandaraxmedov/Documents/mysite/yii/web/index.php(12): yii\base\Application->__construct()
#28 {main}
2021-10-01 12:56:12 [::1][-][-][info][application] $_GET = []

$_POST = []

$_FILES = []

$_COOKIE = [
    'PHPSESSID' => '46n0kcibd8dlfucpha31dsirtf'
    '_csrf' => '516ec8fc9ddd290cb02c6b91208d270fd8002308bebf4e67fc1537ca337fb3e7a:2:{i:0;s:5:\"_csrf\";i:1;s:32:\"DHUPP_yRIAaPIbdmqyJ9xQtTKaID9rJr\";}'
]

$_SESSION = []

$_SERVER = [
    'DOCUMENT_ROOT' => '/home/qalandaraxmedov/Documents/mysite/yii/web'
    'REMOTE_ADDR' => '::1'
    'REMOTE_PORT' => '38132'
    'SERVER_SOFTWARE' => 'PHP 7.4.21 Development Server'
    'SERVER_PROTOCOL' => 'HTTP/1.1'
    'SERVER_NAME' => 'localhost'
    'SERVER_PORT' => '80'
    'REQUEST_URI' => '/'
    'REQUEST_METHOD' => 'GET'
    'SCRIPT_NAME' => '/index.php'
    'SCRIPT_FILENAME' => '/home/qalandaraxmedov/Documents/mysite/yii/web/index.php'
    'PHP_SELF' => '/index.php'
    'HTTP_HOST' => 'localhost'
    'HTTP_USER_AGENT' => 'Mozilla/5.0 (X11; Linux x86_64; rv:78.0) Gecko/20100101 Firefox/78.0'
    'HTTP_ACCEPT' => 'text/html,application/xhtml+xml,application/xml;q=0.9,image/webp,*/*;q=0.8'
    'HTTP_ACCEPT_LANGUAGE' => 'en-US,en;q=0.5'
    'HTTP_ACCEPT_ENCODING' => 'gzip, deflate'
    'HTTP_REFERER' => 'http://localhost/'
    'HTTP_CONNECTION' => 'keep-alive'
    'HTTP_COOKIE' => 'PHPSESSID=46n0kcibd8dlfucpha31dsirtf; _csrf=516ec8fc9ddd290cb02c6b91208d270fd8002308bebf4e67fc1537ca337fb3e7a%3A2%3A%7Bi%3A0%3Bs%3A5%3A%22_csrf%22%3Bi%3A1%3Bs%3A32%3A%22DHUPP_yRIAaPIbdmqyJ9xQtTKaID9rJr%22%3B%7D'
    'HTTP_UPGRADE_INSECURE_REQUESTS' => '1'
    'HTTP_IF_MODIFIED_SINCE' => 'Fri, 28 May 2021 08:26:25 GMT'
    'HTTP_IF_NONE_MATCH' => '\"29cd-5c35fa1a7ee40-gzip\"'
    'HTTP_CACHE_CONTROL' => 'max-age=0'
    'REQUEST_TIME_FLOAT' => 1633092972.5636
    'REQUEST_TIME' => 1633092972
]
2021-10-01 12:57:38 [::1][-][-][error][yii\base\ErrorException:2] yii\base\ErrorException: session_start(): open(/var/lib/php/sessions/sess_46n0kcibd8dlfucpha31dsirtf, O_RDWR) failed: Permission denied (13) in /home/qalandaraxmedov/Documents/mysite/yii/vendor/yiisoft/yii2/web/Session.php:152
Stack trace:
#0 [internal function]: yii\base\ErrorHandler->handleError()
#1 /home/qalandaraxmedov/Documents/mysite/yii/vendor/yiisoft/yii2/web/Session.php(152): session_start()
#2 /home/qalandaraxmedov/Documents/mysite/yii/vendor/yiisoft/yii2/web/Session.php(700): yii\web\Session->open()
#3 /home/qalandaraxmedov/Documents/mysite/yii/vendor/yiisoft/yii2/web/User.php(693): yii\web\Session->get()
#4 /home/qalandaraxmedov/Documents/mysite/yii/vendor/yiisoft/yii2/web/User.php(199): yii\web\User->renewAuthStatus()
#5 /home/qalandaraxmedov/Documents/mysite/yii/vendor/yiisoft/yii2/web/User.php(367): yii\web\User->getIdentity()
#6 /home/qalandaraxmedov/Documents/mysite/yii/vendor/yiisoft/yii2/base/Component.php(140): yii\web\User->getIsGuest()
#7 /home/qalandaraxmedov/Documents/mysite/yii/vendor/yiisoft/yii2-debug/src/panels/UserPanel.php(83): yii\base\Component->__get()
#8 /home/qalandaraxmedov/Documents/mysite/yii/vendor/yiisoft/yii2/base/BaseObject.php(109): yii\debug\panels\UserPanel->init()
#9 [internal function]: yii\base\BaseObject->__construct()
#10 /home/qalandaraxmedov/Documents/mysite/yii/vendor/yiisoft/yii2/di/Container.php(420): ReflectionClass->newInstanceArgs()
#11 /home/qalandaraxmedov/Documents/mysite/yii/vendor/yiisoft/yii2/di/Container.php(171): yii\di\Container->build()
#12 /home/qalandaraxmedov/Documents/mysite/yii/vendor/yiisoft/yii2/BaseYii.php(365): yii\di\Container->get()
#13 /home/qalandaraxmedov/Documents/mysite/yii/vendor/yiisoft/yii2-debug/src/Module.php(255): yii\BaseYii::createObject()
#14 /home/qalandaraxmedov/Documents/mysite/yii/vendor/yiisoft/yii2-debug/src/Module.php(226): yii\debug\Module->initPanels()
#15 /home/qalandaraxmedov/Documents/mysite/yii/vendor/yiisoft/yii2/base/BaseObject.php(109): yii\debug\Module->init()
#16 /home/qalandaraxmedov/Documents/mysite/yii/vendor/yiisoft/yii2/base/Module.php(158): yii\base\BaseObject->__construct()
#17 [internal function]: yii\base\Module->__construct()
#18 /home/qalandaraxmedov/Documents/mysite/yii/vendor/yiisoft/yii2/di/Container.php(412): ReflectionClass->newInstanceArgs()
#19 /home/qalandaraxmedov/Documents/mysite/yii/vendor/yiisoft/yii2/di/Container.php(171): yii\di\Container->build()
#20 /home/qalandaraxmedov/Documents/mysite/yii/vendor/yiisoft/yii2/BaseYii.php(365): yii\di\Container->get()
#21 /home/qalandaraxmedov/Documents/mysite/yii/vendor/yiisoft/yii2/base/Module.php(427): yii\BaseYii::createObject()
#22 /home/qalandaraxmedov/Documents/mysite/yii/vendor/yiisoft/yii2/base/Application.php(321): yii\base\Module->getModule()
#23 /home/qalandaraxmedov/Documents/mysite/yii/vendor/yiisoft/yii2/web/Application.php(70): yii\base\Application->bootstrap()
#24 /home/qalandaraxmedov/Documents/mysite/yii/vendor/yiisoft/yii2/base/Application.php(279): yii\web\Application->bootstrap()
#25 /home/qalandaraxmedov/Documents/mysite/yii/vendor/yiisoft/yii2/base/BaseObject.php(109): yii\base\Application->init()
#26 /home/qalandaraxmedov/Documents/mysite/yii/vendor/yiisoft/yii2/base/Application.php(212): yii\base\BaseObject->__construct()
#27 /home/qalandaraxmedov/Documents/mysite/yii/web/index.php(12): yii\base\Application->__construct()
#28 {main}
2021-10-01 12:57:38 [::1][-][-][info][application] $_GET = []

$_POST = []

$_FILES = []

$_COOKIE = [
    'PHPSESSID' => '46n0kcibd8dlfucpha31dsirtf'
    '_csrf' => '516ec8fc9ddd290cb02c6b91208d270fd8002308bebf4e67fc1537ca337fb3e7a:2:{i:0;s:5:\"_csrf\";i:1;s:32:\"DHUPP_yRIAaPIbdmqyJ9xQtTKaID9rJr\";}'
]

$_SESSION = []

$_SERVER = [
    'DOCUMENT_ROOT' => '/home/qalandaraxmedov/Documents/mysite/yii/web'
    'REMOTE_ADDR' => '::1'
    'REMOTE_PORT' => '38138'
    'SERVER_SOFTWARE' => 'PHP 7.4.21 Development Server'
    'SERVER_PROTOCOL' => 'HTTP/1.1'
    'SERVER_NAME' => 'localhost'
    'SERVER_PORT' => '80'
    'REQUEST_URI' => '/'
    'REQUEST_METHOD' => 'GET'
    'SCRIPT_NAME' => '/index.php'
    'SCRIPT_FILENAME' => '/home/qalandaraxmedov/Documents/mysite/yii/web/index.php'
    'PHP_SELF' => '/index.php'
    'HTTP_HOST' => 'localhost'
    'HTTP_USER_AGENT' => 'Mozilla/5.0 (X11; Linux x86_64; rv:78.0) Gecko/20100101 Firefox/78.0'
    'HTTP_ACCEPT' => 'text/html,application/xhtml+xml,application/xml;q=0.9,image/webp,*/*;q=0.8'
    'HTTP_ACCEPT_LANGUAGE' => 'en-US,en;q=0.5'
    'HTTP_ACCEPT_ENCODING' => 'gzip, deflate'
    'HTTP_REFERER' => 'http://localhost/'
    'HTTP_CONNECTION' => 'keep-alive'
    'HTTP_COOKIE' => 'PHPSESSID=46n0kcibd8dlfucpha31dsirtf; _csrf=516ec8fc9ddd290cb02c6b91208d270fd8002308bebf4e67fc1537ca337fb3e7a%3A2%3A%7Bi%3A0%3Bs%3A5%3A%22_csrf%22%3Bi%3A1%3Bs%3A32%3A%22DHUPP_yRIAaPIbdmqyJ9xQtTKaID9rJr%22%3B%7D'
    'HTTP_UPGRADE_INSECURE_REQUESTS' => '1'
    'HTTP_CACHE_CONTROL' => 'max-age=0'
    'REQUEST_TIME_FLOAT' => 1633093058.0107
    'REQUEST_TIME' => 1633093058
]
2021-10-01 12:58:45 [::1][-][-][error][yii\base\ErrorException:2] yii\base\ErrorException: session_start(): open(/var/lib/php/sessions/sess_46n0kcibd8dlfucpha31dsirtf, O_RDWR) failed: Permission denied (13) in /home/qalandaraxmedov/Documents/mysite/yii/vendor/yiisoft/yii2/web/Session.php:152
Stack trace:
#0 [internal function]: yii\base\ErrorHandler->handleError()
#1 /home/qalandaraxmedov/Documents/mysite/yii/vendor/yiisoft/yii2/web/Session.php(152): session_start()
#2 /home/qalandaraxmedov/Documents/mysite/yii/vendor/yiisoft/yii2/web/Session.php(700): yii\web\Session->open()
#3 /home/qalandaraxmedov/Documents/mysite/yii/vendor/yiisoft/yii2/web/User.php(693): yii\web\Session->get()
#4 /home/qalandaraxmedov/Documents/mysite/yii/vendor/yiisoft/yii2/web/User.php(199): yii\web\User->renewAuthStatus()
#5 /home/qalandaraxmedov/Documents/mysite/yii/vendor/yiisoft/yii2/web/User.php(367): yii\web\User->getIdentity()
#6 /home/qalandaraxmedov/Documents/mysite/yii/vendor/yiisoft/yii2/base/Component.php(140): yii\web\User->getIsGuest()
#7 /home/qalandaraxmedov/Documents/mysite/yii/vendor/yiisoft/yii2-debug/src/panels/UserPanel.php(83): yii\base\Component->__get()
#8 /home/qalandaraxmedov/Documents/mysite/yii/vendor/yiisoft/yii2/base/BaseObject.php(109): yii\debug\panels\UserPanel->init()
#9 [internal function]: yii\base\BaseObject->__construct()
#10 /home/qalandaraxmedov/Documents/mysite/yii/vendor/yiisoft/yii2/di/Container.php(420): ReflectionClass->newInstanceArgs()
#11 /home/qalandaraxmedov/Documents/mysite/yii/vendor/yiisoft/yii2/di/Container.php(171): yii\di\Container->build()
#12 /home/qalandaraxmedov/Documents/mysite/yii/vendor/yiisoft/yii2/BaseYii.php(365): yii\di\Container->get()
#13 /home/qalandaraxmedov/Documents/mysite/yii/vendor/yiisoft/yii2-debug/src/Module.php(255): yii\BaseYii::createObject()
#14 /home/qalandaraxmedov/Documents/mysite/yii/vendor/yiisoft/yii2-debug/src/Module.php(226): yii\debug\Module->initPanels()
#15 /home/qalandaraxmedov/Documents/mysite/yii/vendor/yiisoft/yii2/base/BaseObject.php(109): yii\debug\Module->init()
#16 /home/qalandaraxmedov/Documents/mysite/yii/vendor/yiisoft/yii2/base/Module.php(158): yii\base\BaseObject->__construct()
#17 [internal function]: yii\base\Module->__construct()
#18 /home/qalandaraxmedov/Documents/mysite/yii/vendor/yiisoft/yii2/di/Container.php(412): ReflectionClass->newInstanceArgs()
#19 /home/qalandaraxmedov/Documents/mysite/yii/vendor/yiisoft/yii2/di/Container.php(171): yii\di\Container->build()
#20 /home/qalandaraxmedov/Documents/mysite/yii/vendor/yiisoft/yii2/BaseYii.php(365): yii\di\Container->get()
#21 /home/qalandaraxmedov/Documents/mysite/yii/vendor/yiisoft/yii2/base/Module.php(427): yii\BaseYii::createObject()
#22 /home/qalandaraxmedov/Documents/mysite/yii/vendor/yiisoft/yii2/base/Application.php(321): yii\base\Module->getModule()
#23 /home/qalandaraxmedov/Documents/mysite/yii/vendor/yiisoft/yii2/web/Application.php(70): yii\base\Application->bootstrap()
#24 /home/qalandaraxmedov/Documents/mysite/yii/vendor/yiisoft/yii2/base/Application.php(279): yii\web\Application->bootstrap()
#25 /home/qalandaraxmedov/Documents/mysite/yii/vendor/yiisoft/yii2/base/BaseObject.php(109): yii\base\Application->init()
#26 /home/qalandaraxmedov/Documents/mysite/yii/vendor/yiisoft/yii2/base/Application.php(212): yii\base\BaseObject->__construct()
#27 /home/qalandaraxmedov/Documents/mysite/yii/web/index.php(12): yii\base\Application->__construct()
#28 {main}
2021-10-01 12:58:45 [::1][-][-][info][application] $_GET = []

$_POST = []

$_FILES = []

$_COOKIE = [
    'PHPSESSID' => '46n0kcibd8dlfucpha31dsirtf'
    '_csrf' => '516ec8fc9ddd290cb02c6b91208d270fd8002308bebf4e67fc1537ca337fb3e7a:2:{i:0;s:5:\"_csrf\";i:1;s:32:\"DHUPP_yRIAaPIbdmqyJ9xQtTKaID9rJr\";}'
]

$_SESSION = []

$_SERVER = [
    'DOCUMENT_ROOT' => '/home/qalandaraxmedov/Documents/mysite/yii/web'
    'REMOTE_ADDR' => '::1'
    'REMOTE_PORT' => '38184'
    'SERVER_SOFTWARE' => 'PHP 7.4.21 Development Server'
    'SERVER_PROTOCOL' => 'HTTP/1.1'
    'SERVER_NAME' => 'localhost'
    'SERVER_PORT' => '80'
    'REQUEST_URI' => '/'
    'REQUEST_METHOD' => 'GET'
    'SCRIPT_NAME' => '/index.php'
    'SCRIPT_FILENAME' => '/home/qalandaraxmedov/Documents/mysite/yii/web/index.php'
    'PHP_SELF' => '/index.php'
    'HTTP_HOST' => 'localhost'
    'HTTP_USER_AGENT' => 'Mozilla/5.0 (X11; Linux x86_64; rv:78.0) Gecko/20100101 Firefox/78.0'
    'HTTP_ACCEPT' => 'text/html,application/xhtml+xml,application/xml;q=0.9,image/webp,*/*;q=0.8'
    'HTTP_ACCEPT_LANGUAGE' => 'en-US,en;q=0.5'
    'HTTP_ACCEPT_ENCODING' => 'gzip, deflate'
    'HTTP_REFERER' => 'http://localhost/'
    'HTTP_CONNECTION' => 'keep-alive'
    'HTTP_COOKIE' => 'PHPSESSID=46n0kcibd8dlfucpha31dsirtf; _csrf=516ec8fc9ddd290cb02c6b91208d270fd8002308bebf4e67fc1537ca337fb3e7a%3A2%3A%7Bi%3A0%3Bs%3A5%3A%22_csrf%22%3Bi%3A1%3Bs%3A32%3A%22DHUPP_yRIAaPIbdmqyJ9xQtTKaID9rJr%22%3B%7D'
    'HTTP_UPGRADE_INSECURE_REQUESTS' => '1'
    'HTTP_CACHE_CONTROL' => 'max-age=0'
    'REQUEST_TIME_FLOAT' => 1633093125.6109
    'REQUEST_TIME' => 1633093125
]
2021-10-01 12:58:46 [::1][-][-][error][yii\base\ErrorException:2] yii\base\ErrorException: session_start(): open(/var/lib/php/sessions/sess_46n0kcibd8dlfucpha31dsirtf, O_RDWR) failed: Permission denied (13) in /home/qalandaraxmedov/Documents/mysite/yii/vendor/yiisoft/yii2/web/Session.php:152
Stack trace:
#0 [internal function]: yii\base\ErrorHandler->handleError()
#1 /home/qalandaraxmedov/Documents/mysite/yii/vendor/yiisoft/yii2/web/Session.php(152): session_start()
#2 /home/qalandaraxmedov/Documents/mysite/yii/vendor/yiisoft/yii2/web/Session.php(700): yii\web\Session->open()
#3 /home/qalandaraxmedov/Documents/mysite/yii/vendor/yiisoft/yii2/web/User.php(693): yii\web\Session->get()
#4 /home/qalandaraxmedov/Documents/mysite/yii/vendor/yiisoft/yii2/web/User.php(199): yii\web\User->renewAuthStatus()
#5 /home/qalandaraxmedov/Documents/mysite/yii/vendor/yiisoft/yii2/web/User.php(367): yii\web\User->getIdentity()
#6 /home/qalandaraxmedov/Documents/mysite/yii/vendor/yiisoft/yii2/base/Component.php(140): yii\web\User->getIsGuest()
#7 /home/qalandaraxmedov/Documents/mysite/yii/vendor/yiisoft/yii2-debug/src/panels/UserPanel.php(83): yii\base\Component->__get()
#8 /home/qalandaraxmedov/Documents/mysite/yii/vendor/yiisoft/yii2/base/BaseObject.php(109): yii\debug\panels\UserPanel->init()
#9 [internal function]: yii\base\BaseObject->__construct()
#10 /home/qalandaraxmedov/Documents/mysite/yii/vendor/yiisoft/yii2/di/Container.php(420): ReflectionClass->newInstanceArgs()
#11 /home/qalandaraxmedov/Documents/mysite/yii/vendor/yiisoft/yii2/di/Container.php(171): yii\di\Container->build()
#12 /home/qalandaraxmedov/Documents/mysite/yii/vendor/yiisoft/yii2/BaseYii.php(365): yii\di\Container->get()
#13 /home/qalandaraxmedov/Documents/mysite/yii/vendor/yiisoft/yii2-debug/src/Module.php(255): yii\BaseYii::createObject()
#14 /home/qalandaraxmedov/Documents/mysite/yii/vendor/yiisoft/yii2-debug/src/Module.php(226): yii\debug\Module->initPanels()
#15 /home/qalandaraxmedov/Documents/mysite/yii/vendor/yiisoft/yii2/base/BaseObject.php(109): yii\debug\Module->init()
#16 /home/qalandaraxmedov/Documents/mysite/yii/vendor/yiisoft/yii2/base/Module.php(158): yii\base\BaseObject->__construct()
#17 [internal function]: yii\base\Module->__construct()
#18 /home/qalandaraxmedov/Documents/mysite/yii/vendor/yiisoft/yii2/di/Container.php(412): ReflectionClass->newInstanceArgs()
#19 /home/qalandaraxmedov/Documents/mysite/yii/vendor/yiisoft/yii2/di/Container.php(171): yii\di\Container->build()
#20 /home/qalandaraxmedov/Documents/mysite/yii/vendor/yiisoft/yii2/BaseYii.php(365): yii\di\Container->get()
#21 /home/qalandaraxmedov/Documents/mysite/yii/vendor/yiisoft/yii2/base/Module.php(427): yii\BaseYii::createObject()
#22 /home/qalandaraxmedov/Documents/mysite/yii/vendor/yiisoft/yii2/base/Application.php(321): yii\base\Module->getModule()
#23 /home/qalandaraxmedov/Documents/mysite/yii/vendor/yiisoft/yii2/web/Application.php(70): yii\base\Application->bootstrap()
#24 /home/qalandaraxmedov/Documents/mysite/yii/vendor/yiisoft/yii2/base/Application.php(279): yii\web\Application->bootstrap()
#25 /home/qalandaraxmedov/Documents/mysite/yii/vendor/yiisoft/yii2/base/BaseObject.php(109): yii\base\Application->init()
#26 /home/qalandaraxmedov/Documents/mysite/yii/vendor/yiisoft/yii2/base/Application.php(212): yii\base\BaseObject->__construct()
#27 /home/qalandaraxmedov/Documents/mysite/yii/web/index.php(12): yii\base\Application->__construct()
#28 {main}
2021-10-01 12:58:46 [::1][-][-][info][application] $_GET = []

$_POST = []

$_FILES = []

$_COOKIE = [
    'PHPSESSID' => '46n0kcibd8dlfucpha31dsirtf'
    '_csrf' => '516ec8fc9ddd290cb02c6b91208d270fd8002308bebf4e67fc1537ca337fb3e7a:2:{i:0;s:5:\"_csrf\";i:1;s:32:\"DHUPP_yRIAaPIbdmqyJ9xQtTKaID9rJr\";}'
]

$_SESSION = []

$_SERVER = [
    'DOCUMENT_ROOT' => '/home/qalandaraxmedov/Documents/mysite/yii/web'
    'REMOTE_ADDR' => '::1'
    'REMOTE_PORT' => '38186'
    'SERVER_SOFTWARE' => 'PHP 7.4.21 Development Server'
    'SERVER_PROTOCOL' => 'HTTP/1.1'
    'SERVER_NAME' => 'localhost'
    'SERVER_PORT' => '80'
    'REQUEST_URI' => '/'
    'REQUEST_METHOD' => 'GET'
    'SCRIPT_NAME' => '/index.php'
    'SCRIPT_FILENAME' => '/home/qalandaraxmedov/Documents/mysite/yii/web/index.php'
    'PHP_SELF' => '/index.php'
    'HTTP_HOST' => 'localhost'
    'HTTP_USER_AGENT' => 'Mozilla/5.0 (X11; Linux x86_64; rv:78.0) Gecko/20100101 Firefox/78.0'
    'HTTP_ACCEPT' => 'text/html,application/xhtml+xml,application/xml;q=0.9,image/webp,*/*;q=0.8'
    'HTTP_ACCEPT_LANGUAGE' => 'en-US,en;q=0.5'
    'HTTP_ACCEPT_ENCODING' => 'gzip, deflate'
    'HTTP_REFERER' => 'http://localhost/'
    'HTTP_CONNECTION' => 'keep-alive'
    'HTTP_COOKIE' => 'PHPSESSID=46n0kcibd8dlfucpha31dsirtf; _csrf=516ec8fc9ddd290cb02c6b91208d270fd8002308bebf4e67fc1537ca337fb3e7a%3A2%3A%7Bi%3A0%3Bs%3A5%3A%22_csrf%22%3Bi%3A1%3Bs%3A32%3A%22DHUPP_yRIAaPIbdmqyJ9xQtTKaID9rJr%22%3B%7D'
    'HTTP_UPGRADE_INSECURE_REQUESTS' => '1'
    'HTTP_CACHE_CONTROL' => 'max-age=0'
    'REQUEST_TIME_FLOAT' => 1633093126.796
    'REQUEST_TIME' => 1633093126
]
2021-10-01 13:04:42 [::1][-][46n0kcibd8dlfucpha31dsirtf][error][Error] Error: Class 'app\controllers\EntryForm' not found in /home/qalandaraxmedov/Documents/mysite/yii/controllers/SiteController.php:134
Stack trace:
#0 [internal function]: app\controllers\SiteController->actionEntry()
#1 /home/qalandaraxmedov/Documents/mysite/yii/vendor/yiisoft/yii2/base/InlineAction.php(57): call_user_func_array()
#2 /home/qalandaraxmedov/Documents/mysite/yii/vendor/yiisoft/yii2/base/Controller.php(181): yii\base\InlineAction->runWithParams()
#3 /home/qalandaraxmedov/Documents/mysite/yii/vendor/yiisoft/yii2/base/Module.php(534): yii\base\Controller->runAction()
#4 /home/qalandaraxmedov/Documents/mysite/yii/vendor/yiisoft/yii2/web/Application.php(104): yii\base\Module->runAction()
#5 /home/qalandaraxmedov/Documents/mysite/yii/vendor/yiisoft/yii2/base/Application.php(392): yii\web\Application->handleRequest()
#6 /home/qalandaraxmedov/Documents/mysite/yii/web/index.php(12): yii\base\Application->run()
#7 {main}
2021-10-01 13:04:42 [::1][-][46n0kcibd8dlfucpha31dsirtf][info][application] $_GET = []

$_POST = []

$_FILES = []

$_COOKIE = [
    'PHPSESSID' => '46n0kcibd8dlfucpha31dsirtf'
    '_csrf' => '516ec8fc9ddd290cb02c6b91208d270fd8002308bebf4e67fc1537ca337fb3e7a:2:{i:0;s:5:\"_csrf\";i:1;s:32:\"DHUPP_yRIAaPIbdmqyJ9xQtTKaID9rJr\";}'
]

$_SESSION = [
    '__flash' => []
    '__captcha/site/captcha' => 'teaers'
    '__captcha/site/captchacount' => 1
]

$_SERVER = [
    'DOCUMENT_ROOT' => '/home/qalandaraxmedov/Documents/mysite/yii/web'
    'REMOTE_ADDR' => '::1'
    'REMOTE_PORT' => '38688'
    'SERVER_SOFTWARE' => 'PHP 7.4.21 Development Server'
    'SERVER_PROTOCOL' => 'HTTP/1.1'
    'SERVER_NAME' => 'localhost'
    'SERVER_PORT' => '80'
    'REQUEST_URI' => '/site/entry'
    'REQUEST_METHOD' => 'GET'
    'SCRIPT_NAME' => '/index.php'
    'SCRIPT_FILENAME' => '/home/qalandaraxmedov/Documents/mysite/yii/web/index.php'
    'PATH_INFO' => '/site/entry'
    'PHP_SELF' => '/index.php/site/entry'
    'HTTP_HOST' => 'localhost'
    'HTTP_USER_AGENT' => 'Mozilla/5.0 (X11; Linux x86_64; rv:78.0) Gecko/20100101 Firefox/78.0'
    'HTTP_ACCEPT' => 'text/html,application/xhtml+xml,application/xml;q=0.9,image/webp,*/*;q=0.8'
    'HTTP_ACCEPT_LANGUAGE' => 'en-US,en;q=0.5'
    'HTTP_ACCEPT_ENCODING' => 'gzip, deflate'
    'HTTP_CONNECTION' => 'keep-alive'
    'HTTP_COOKIE' => 'PHPSESSID=46n0kcibd8dlfucpha31dsirtf; _csrf=516ec8fc9ddd290cb02c6b91208d270fd8002308bebf4e67fc1537ca337fb3e7a%3A2%3A%7Bi%3A0%3Bs%3A5%3A%22_csrf%22%3Bi%3A1%3Bs%3A32%3A%22DHUPP_yRIAaPIbdmqyJ9xQtTKaID9rJr%22%3B%7D'
    'HTTP_UPGRADE_INSECURE_REQUESTS' => '1'
    'REQUEST_TIME_FLOAT' => 1633093482.457
    'REQUEST_TIME' => 1633093482
]
2021-10-01 13:08:33 [::1][-][46n0kcibd8dlfucpha31dsirtf][error][yii\base\ViewNotFoundException] yii\base\ViewNotFoundException: The view file does not exist: /home/qalandaraxmedov/Documents/mysite/yii/views/site/entry-confirm.php in /home/qalandaraxmedov/Documents/mysite/yii/vendor/yiisoft/yii2/base/View.php:233
Stack trace:
#0 /home/qalandaraxmedov/Documents/mysite/yii/vendor/yiisoft/yii2/base/View.php(156): yii\base\View->renderFile()
#1 /home/qalandaraxmedov/Documents/mysite/yii/vendor/yiisoft/yii2/base/Controller.php(410): yii\base\View->render()
#2 /home/qalandaraxmedov/Documents/mysite/yii/controllers/SiteController.php(142): yii\base\Controller->render()
#3 [internal function]: app\controllers\SiteController->actionEntry()
#4 /home/qalandaraxmedov/Documents/mysite/yii/vendor/yiisoft/yii2/base/InlineAction.php(57): call_user_func_array()
#5 /home/qalandaraxmedov/Documents/mysite/yii/vendor/yiisoft/yii2/base/Controller.php(181): yii\base\InlineAction->runWithParams()
#6 /home/qalandaraxmedov/Documents/mysite/yii/vendor/yiisoft/yii2/base/Module.php(534): yii\base\Controller->runAction()
#7 /home/qalandaraxmedov/Documents/mysite/yii/vendor/yiisoft/yii2/web/Application.php(104): yii\base\Module->runAction()
#8 /home/qalandaraxmedov/Documents/mysite/yii/vendor/yiisoft/yii2/base/Application.php(392): yii\web\Application->handleRequest()
#9 /home/qalandaraxmedov/Documents/mysite/yii/web/index.php(12): yii\base\Application->run()
#10 {main}
2021-10-01 13:08:33 [::1][-][46n0kcibd8dlfucpha31dsirtf][info][application] $_GET = []

$_POST = [
    '_csrf' => 'Fru6hAip_iWEbvINu2dL4onQT9TOOwooDuEJWnHRbS1S8-_UWPaHd80vk13yBS-P-KkF7bZqfnxFgEAeSKMnXw=='
    'EntryForm' => [
        'name' => 'Salom'
        'email' => 'uzweb@gmail.com'
    ]
]

$_FILES = []

$_COOKIE = [
    'PHPSESSID' => '46n0kcibd8dlfucpha31dsirtf'
    '_csrf' => '516ec8fc9ddd290cb02c6b91208d270fd8002308bebf4e67fc1537ca337fb3e7a:2:{i:0;s:5:\"_csrf\";i:1;s:32:\"DHUPP_yRIAaPIbdmqyJ9xQtTKaID9rJr\";}'
]

$_SESSION = [
    '__flash' => []
    '__captcha/site/captcha' => 'teaers'
    '__captcha/site/captchacount' => 1
]

$_SERVER = [
    'DOCUMENT_ROOT' => '/home/qalandaraxmedov/Documents/mysite/yii/web'
    'REMOTE_ADDR' => '::1'
    'REMOTE_PORT' => '38884'
    'SERVER_SOFTWARE' => 'PHP 7.4.21 Development Server'
    'SERVER_PROTOCOL' => 'HTTP/1.1'
    'SERVER_NAME' => 'localhost'
    'SERVER_PORT' => '80'
    'REQUEST_URI' => '/site/entry'
    'REQUEST_METHOD' => 'POST'
    'SCRIPT_NAME' => '/index.php'
    'SCRIPT_FILENAME' => '/home/qalandaraxmedov/Documents/mysite/yii/web/index.php'
    'PATH_INFO' => '/site/entry'
    'PHP_SELF' => '/index.php/site/entry'
    'HTTP_HOST' => 'localhost'
    'HTTP_USER_AGENT' => 'Mozilla/5.0 (X11; Linux x86_64; rv:78.0) Gecko/20100101 Firefox/78.0'
    'HTTP_ACCEPT' => 'text/html,application/xhtml+xml,application/xml;q=0.9,image/webp,*/*;q=0.8'
    'HTTP_ACCEPT_LANGUAGE' => 'en-US,en;q=0.5'
    'HTTP_ACCEPT_ENCODING' => 'gzip, deflate'
    'CONTENT_TYPE' => 'application/x-www-form-urlencoded'
    'HTTP_CONTENT_TYPE' => 'application/x-www-form-urlencoded'
    'CONTENT_LENGTH' => '163'
    'HTTP_CONTENT_LENGTH' => '163'
    'HTTP_ORIGIN' => 'http://localhost'
    'HTTP_CONNECTION' => 'keep-alive'
    'HTTP_REFERER' => 'http://localhost/site/entry'
    'HTTP_COOKIE' => 'PHPSESSID=46n0kcibd8dlfucpha31dsirtf; _csrf=516ec8fc9ddd290cb02c6b91208d270fd8002308bebf4e67fc1537ca337fb3e7a%3A2%3A%7Bi%3A0%3Bs%3A5%3A%22_csrf%22%3Bi%3A1%3Bs%3A32%3A%22DHUPP_yRIAaPIbdmqyJ9xQtTKaID9rJr%22%3B%7D'
    'HTTP_UPGRADE_INSECURE_REQUESTS' => '1'
    'REQUEST_TIME_FLOAT' => 1633093713.6762
    'REQUEST_TIME' => 1633093713
]
2021-10-01 15:46:54 [::1][-][46n0kcibd8dlfucpha31dsirtf][error][yii\web\HttpException:404] yii\base\InvalidRouteException: Unable to resolve the request "gii error ". in /home/qalandaraxmedov/Documents/mysite/yii/vendor/yiisoft/yii2/base/Module.php:543
Stack trace:
#0 /home/qalandaraxmedov/Documents/mysite/yii/vendor/yiisoft/yii2/web/Application.php(104): yii\base\Module->runAction()
#1 /home/qalandaraxmedov/Documents/mysite/yii/vendor/yiisoft/yii2/base/Application.php(392): yii\web\Application->handleRequest()
#2 /home/qalandaraxmedov/Documents/mysite/yii/web/index.php(12): yii\base\Application->run()
#3 {main}

Next yii\web\NotFoundHttpException: Page not found. in /home/qalandaraxmedov/Documents/mysite/yii/vendor/yiisoft/yii2/web/Application.php:116
Stack trace:
#0 /home/qalandaraxmedov/Documents/mysite/yii/vendor/yiisoft/yii2/base/Application.php(392): yii\web\Application->handleRequest()
#1 /home/qalandaraxmedov/Documents/mysite/yii/web/index.php(12): yii\base\Application->run()
#2 {main}
2021-10-01 15:46:54 [::1][-][46n0kcibd8dlfucpha31dsirtf][info][application] $_GET = []

$_POST = []

$_FILES = []

$_COOKIE = [
    'PHPSESSID' => '46n0kcibd8dlfucpha31dsirtf'
    '_csrf' => '516ec8fc9ddd290cb02c6b91208d270fd8002308bebf4e67fc1537ca337fb3e7a:2:{i:0;s:5:\"_csrf\";i:1;s:32:\"DHUPP_yRIAaPIbdmqyJ9xQtTKaID9rJr\";}'
]

$_SESSION = [
    '__flash' => []
    '__captcha/site/captcha' => 'iovihe'
    '__captcha/site/captchacount' => 1
]

$_SERVER = [
    'DOCUMENT_ROOT' => '/home/qalandaraxmedov/Documents/mysite/yii/web'
    'REMOTE_ADDR' => '::1'
    'REMOTE_PORT' => '45926'
    'SERVER_SOFTWARE' => 'PHP 7.4.21 Development Server'
    'SERVER_PROTOCOL' => 'HTTP/1.1'
    'SERVER_NAME' => 'localhost'
    'SERVER_PORT' => '80'
    'REQUEST_URI' => '/gii%20error%20'
    'REQUEST_METHOD' => 'GET'
    'SCRIPT_NAME' => '/index.php'
    'SCRIPT_FILENAME' => '/home/qalandaraxmedov/Documents/mysite/yii/web/index.php'
    'PATH_INFO' => '/gii error '
    'PHP_SELF' => '/index.php/gii error '
    'HTTP_HOST' => 'localhost'
    'HTTP_USER_AGENT' => 'Mozilla/5.0 (X11; Linux x86_64; rv:78.0) Gecko/20100101 Firefox/78.0'
    'HTTP_ACCEPT' => 'text/html,application/xhtml+xml,application/xml;q=0.9,image/webp,*/*;q=0.8'
    'HTTP_ACCEPT_LANGUAGE' => 'en-US,en;q=0.5'
    'HTTP_ACCEPT_ENCODING' => 'gzip, deflate'
    'HTTP_CONNECTION' => 'keep-alive'
    'HTTP_COOKIE' => 'PHPSESSID=46n0kcibd8dlfucpha31dsirtf; _csrf=516ec8fc9ddd290cb02c6b91208d270fd8002308bebf4e67fc1537ca337fb3e7a%3A2%3A%7Bi%3A0%3Bs%3A5%3A%22_csrf%22%3Bi%3A1%3Bs%3A32%3A%22DHUPP_yRIAaPIbdmqyJ9xQtTKaID9rJr%22%3B%7D'
    'HTTP_UPGRADE_INSECURE_REQUESTS' => '1'
    'REQUEST_TIME_FLOAT' => 1633103214.3677
    'REQUEST_TIME' => 1633103214
]
2021-10-01 16:11:04 [::1][-][46n0kcibd8dlfucpha31dsirtf][error][yii\web\HttpException:404] yii\base\InvalidRouteException: Unable to resolve the request "web/country". in /home/qalandaraxmedov/Documents/mysite/yii/vendor/yiisoft/yii2/base/Module.php:543
Stack trace:
#0 /home/qalandaraxmedov/Documents/mysite/yii/vendor/yiisoft/yii2/web/Application.php(104): yii\base\Module->runAction()
#1 /home/qalandaraxmedov/Documents/mysite/yii/vendor/yiisoft/yii2/base/Application.php(392): yii\web\Application->handleRequest()
#2 /home/qalandaraxmedov/Documents/mysite/yii/web/index.php(12): yii\base\Application->run()
#3 {main}

Next yii\web\NotFoundHttpException: Page not found. in /home/qalandaraxmedov/Documents/mysite/yii/vendor/yiisoft/yii2/web/Application.php:116
Stack trace:
#0 /home/qalandaraxmedov/Documents/mysite/yii/vendor/yiisoft/yii2/base/Application.php(392): yii\web\Application->handleRequest()
#1 /home/qalandaraxmedov/Documents/mysite/yii/web/index.php(12): yii\base\Application->run()
#2 {main}
2021-10-01 16:11:04 [::1][-][46n0kcibd8dlfucpha31dsirtf][info][application] $_GET = []

$_POST = []

$_FILES = []

$_COOKIE = [
    'PHPSESSID' => '46n0kcibd8dlfucpha31dsirtf'
    '_csrf' => '516ec8fc9ddd290cb02c6b91208d270fd8002308bebf4e67fc1537ca337fb3e7a:2:{i:0;s:5:\"_csrf\";i:1;s:32:\"DHUPP_yRIAaPIbdmqyJ9xQtTKaID9rJr\";}'
]

$_SESSION = [
    '__flash' => []
    '__captcha/site/captcha' => 'iovihe'
    '__captcha/site/captchacount' => 1
]

$_SERVER = [
    'DOCUMENT_ROOT' => '/home/qalandaraxmedov/Documents/mysite/yii/web'
    'REMOTE_ADDR' => '::1'
    'REMOTE_PORT' => '47248'
    'SERVER_SOFTWARE' => 'PHP 7.4.21 Development Server'
    'SERVER_PROTOCOL' => 'HTTP/1.1'
    'SERVER_NAME' => 'localhost'
    'SERVER_PORT' => '80'
    'REQUEST_URI' => '/web/country'
    'REQUEST_METHOD' => 'GET'
    'SCRIPT_NAME' => '/index.php'
    'SCRIPT_FILENAME' => '/home/qalandaraxmedov/Documents/mysite/yii/web/index.php'
    'PATH_INFO' => '/web/country'
    'PHP_SELF' => '/index.php/web/country'
    'HTTP_HOST' => 'localhost'
    'HTTP_USER_AGENT' => 'Mozilla/5.0 (X11; Linux x86_64; rv:78.0) Gecko/20100101 Firefox/78.0'
    'HTTP_ACCEPT' => 'text/html,application/xhtml+xml,application/xml;q=0.9,image/webp,*/*;q=0.8'
    'HTTP_ACCEPT_LANGUAGE' => 'en-US,en;q=0.5'
    'HTTP_ACCEPT_ENCODING' => 'gzip, deflate'
    'HTTP_CONNECTION' => 'keep-alive'
    'HTTP_COOKIE' => 'PHPSESSID=46n0kcibd8dlfucpha31dsirtf; _csrf=516ec8fc9ddd290cb02c6b91208d270fd8002308bebf4e67fc1537ca337fb3e7a%3A2%3A%7Bi%3A0%3Bs%3A5%3A%22_csrf%22%3Bi%3A1%3Bs%3A32%3A%22DHUPP_yRIAaPIbdmqyJ9xQtTKaID9rJr%22%3B%7D'
    'HTTP_UPGRADE_INSECURE_REQUESTS' => '1'
    'REQUEST_TIME_FLOAT' => 1633104664.5794
    'REQUEST_TIME' => 1633104664
]
2021-10-01 16:13:36 [::1][-][46n0kcibd8dlfucpha31dsirtf][error][yii\web\HttpException:400] yii\web\BadRequestHttpException: Missing required parameters: code in /home/qalandaraxmedov/Documents/mysite/yii/vendor/yiisoft/yii2/web/Controller.php:196
Stack trace:
#0 /home/qalandaraxmedov/Documents/mysite/yii/vendor/yiisoft/yii2/base/InlineAction.php(51): yii\web\Controller->bindActionParams()
#1 /home/qalandaraxmedov/Documents/mysite/yii/vendor/yiisoft/yii2/base/Controller.php(181): yii\base\InlineAction->runWithParams()
#2 /home/qalandaraxmedov/Documents/mysite/yii/vendor/yiisoft/yii2/base/Module.php(534): yii\base\Controller->runAction()
#3 /home/qalandaraxmedov/Documents/mysite/yii/vendor/yiisoft/yii2/web/Application.php(104): yii\base\Module->runAction()
#4 /home/qalandaraxmedov/Documents/mysite/yii/vendor/yiisoft/yii2/base/Application.php(392): yii\web\Application->handleRequest()
#5 /home/qalandaraxmedov/Documents/mysite/yii/web/index.php(12): yii\base\Application->run()
#6 {main}
2021-10-01 16:13:36 [::1][-][46n0kcibd8dlfucpha31dsirtf][info][application] $_GET = [
    'id' => 'AU'
]

$_POST = []

$_FILES = []

$_COOKIE = [
    'PHPSESSID' => '46n0kcibd8dlfucpha31dsirtf'
    '_csrf' => '516ec8fc9ddd290cb02c6b91208d270fd8002308bebf4e67fc1537ca337fb3e7a:2:{i:0;s:5:\"_csrf\";i:1;s:32:\"DHUPP_yRIAaPIbdmqyJ9xQtTKaID9rJr\";}'
]

$_SESSION = [
    '__flash' => []
    '__captcha/site/captcha' => 'iovihe'
    '__captcha/site/captchacount' => 1
]

$_SERVER = [
    'DOCUMENT_ROOT' => '/home/qalandaraxmedov/Documents/mysite/yii/web'
    'REMOTE_ADDR' => '::1'
    'REMOTE_PORT' => '47392'
    'SERVER_SOFTWARE' => 'PHP 7.4.21 Development Server'
    'SERVER_PROTOCOL' => 'HTTP/1.1'
    'SERVER_NAME' => 'localhost'
    'SERVER_PORT' => '80'
    'REQUEST_URI' => '/country/view?id=AU'
    'REQUEST_METHOD' => 'GET'
    'SCRIPT_NAME' => '/index.php'
    'SCRIPT_FILENAME' => '/home/qalandaraxmedov/Documents/mysite/yii/web/index.php'
    'PATH_INFO' => '/country/view'
    'PHP_SELF' => '/index.php/country/view'
    'QUERY_STRING' => 'id=AU'
    'HTTP_HOST' => 'localhost'
    'HTTP_USER_AGENT' => 'Mozilla/5.0 (X11; Linux x86_64; rv:78.0) Gecko/20100101 Firefox/78.0'
    'HTTP_ACCEPT' => 'text/html,application/xhtml+xml,application/xml;q=0.9,image/webp,*/*;q=0.8'
    'HTTP_ACCEPT_LANGUAGE' => 'en-US,en;q=0.5'
    'HTTP_ACCEPT_ENCODING' => 'gzip, deflate'
    'HTTP_CONNECTION' => 'keep-alive'
    'HTTP_REFERER' => 'http://localhost/country'
    'HTTP_COOKIE' => 'PHPSESSID=46n0kcibd8dlfucpha31dsirtf; _csrf=516ec8fc9ddd290cb02c6b91208d270fd8002308bebf4e67fc1537ca337fb3e7a%3A2%3A%7Bi%3A0%3Bs%3A5%3A%22_csrf%22%3Bi%3A1%3Bs%3A32%3A%22DHUPP_yRIAaPIbdmqyJ9xQtTKaID9rJr%22%3B%7D'
    'HTTP_UPGRADE_INSECURE_REQUESTS' => '1'
    'REQUEST_TIME_FLOAT' => 1633104816.3963
    'REQUEST_TIME' => 1633104816
]
2021-10-01 16:14:37 [::1][-][-][error][yii\base\ErrorException:8] yii\base\ErrorException: Undefined variable: id in /home/qalandaraxmedov/Documents/mysite/yii/controllers/CountryController.php:127
Stack trace:
#0 /home/qalandaraxmedov/Documents/mysite/yii/controllers/CountryController.php(127): yii\base\ErrorHandler->handleError()
#1 /home/qalandaraxmedov/Documents/mysite/yii/controllers/CountryController.php(58): app\controllers\CountryController->findModel()
#2 [internal function]: app\controllers\CountryController->actionView()
#3 /home/qalandaraxmedov/Documents/mysite/yii/vendor/yiisoft/yii2/base/InlineAction.php(57): call_user_func_array()
#4 /home/qalandaraxmedov/Documents/mysite/yii/vendor/yiisoft/yii2/base/Controller.php(181): yii\base\InlineAction->runWithParams()
#5 /home/qalandaraxmedov/Documents/mysite/yii/vendor/yiisoft/yii2/base/Module.php(534): yii\base\Controller->runAction()
#6 /home/qalandaraxmedov/Documents/mysite/yii/vendor/yiisoft/yii2/web/Application.php(104): yii\base\Module->runAction()
#7 /home/qalandaraxmedov/Documents/mysite/yii/vendor/yiisoft/yii2/base/Application.php(392): yii\web\Application->handleRequest()
#8 /home/qalandaraxmedov/Documents/mysite/yii/web/index.php(12): yii\base\Application->run()
#9 {main}
2021-10-01 16:14:37 [::1][-][-][info][application] $_GET = [
    'code' => 'UB'
]

$_POST = []

$_FILES = []

$_COOKIE = [
    'PHPSESSID' => '46n0kcibd8dlfucpha31dsirtf'
    '_csrf' => '516ec8fc9ddd290cb02c6b91208d270fd8002308bebf4e67fc1537ca337fb3e7a:2:{i:0;s:5:\"_csrf\";i:1;s:32:\"DHUPP_yRIAaPIbdmqyJ9xQtTKaID9rJr\";}'
]

$_SERVER = [
    'DOCUMENT_ROOT' => '/home/qalandaraxmedov/Documents/mysite/yii/web'
    'REMOTE_ADDR' => '::1'
    'REMOTE_PORT' => '47444'
    'SERVER_SOFTWARE' => 'PHP 7.4.21 Development Server'
    'SERVER_PROTOCOL' => 'HTTP/1.1'
    'SERVER_NAME' => 'localhost'
    'SERVER_PORT' => '80'
    'REQUEST_URI' => '/country/view?code=UB'
    'REQUEST_METHOD' => 'GET'
    'SCRIPT_NAME' => '/index.php'
    'SCRIPT_FILENAME' => '/home/qalandaraxmedov/Documents/mysite/yii/web/index.php'
    'PATH_INFO' => '/country/view'
    'PHP_SELF' => '/index.php/country/view'
    'QUERY_STRING' => 'code=UB'
    'HTTP_HOST' => 'localhost'
    'HTTP_USER_AGENT' => 'Mozilla/5.0 (X11; Linux x86_64; rv:78.0) Gecko/20100101 Firefox/78.0'
    'HTTP_ACCEPT' => 'text/html,application/xhtml+xml,application/xml;q=0.9,image/webp,*/*;q=0.8'
    'HTTP_ACCEPT_LANGUAGE' => 'en-US,en;q=0.5'
    'HTTP_ACCEPT_ENCODING' => 'gzip, deflate'
    'HTTP_REFERER' => 'http://localhost/country/create'
    'HTTP_CONNECTION' => 'keep-alive'
    'HTTP_COOKIE' => 'PHPSESSID=46n0kcibd8dlfucpha31dsirtf; _csrf=516ec8fc9ddd290cb02c6b91208d270fd8002308bebf4e67fc1537ca337fb3e7a%3A2%3A%7Bi%3A0%3Bs%3A5%3A%22_csrf%22%3Bi%3A1%3Bs%3A32%3A%22DHUPP_yRIAaPIbdmqyJ9xQtTKaID9rJr%22%3B%7D'
    'HTTP_UPGRADE_INSECURE_REQUESTS' => '1'
    'REQUEST_TIME_FLOAT' => 1633104877.8507
    'REQUEST_TIME' => 1633104877
]
2021-10-01 16:18:00 [::1][-][46n0kcibd8dlfucpha31dsirtf][error][yii\web\HttpException:400] yii\web\BadRequestHttpException: Missing required parameters: code in /home/qalandaraxmedov/Documents/mysite/yii/vendor/yiisoft/yii2/web/Controller.php:196
Stack trace:
#0 /home/qalandaraxmedov/Documents/mysite/yii/vendor/yiisoft/yii2/base/InlineAction.php(51): yii\web\Controller->bindActionParams()
#1 /home/qalandaraxmedov/Documents/mysite/yii/vendor/yiisoft/yii2/base/Controller.php(181): yii\base\InlineAction->runWithParams()
#2 /home/qalandaraxmedov/Documents/mysite/yii/vendor/yiisoft/yii2/base/Module.php(534): yii\base\Controller->runAction()
#3 /home/qalandaraxmedov/Documents/mysite/yii/vendor/yiisoft/yii2/web/Application.php(104): yii\base\Module->runAction()
#4 /home/qalandaraxmedov/Documents/mysite/yii/vendor/yiisoft/yii2/base/Application.php(392): yii\web\Application->handleRequest()
#5 /home/qalandaraxmedov/Documents/mysite/yii/web/index.php(12): yii\base\Application->run()
#6 {main}
2021-10-01 16:18:00 [::1][-][46n0kcibd8dlfucpha31dsirtf][info][application] $_GET = [
    'id' => 'AU'
]

$_POST = []

$_FILES = []

$_COOKIE = [
    'PHPSESSID' => '46n0kcibd8dlfucpha31dsirtf'
    '_csrf' => '516ec8fc9ddd290cb02c6b91208d270fd8002308bebf4e67fc1537ca337fb3e7a:2:{i:0;s:5:\"_csrf\";i:1;s:32:\"DHUPP_yRIAaPIbdmqyJ9xQtTKaID9rJr\";}'
]

$_SESSION = [
    '__flash' => []
    '__captcha/site/captcha' => 'iovihe'
    '__captcha/site/captchacount' => 1
]

$_SERVER = [
    'DOCUMENT_ROOT' => '/home/qalandaraxmedov/Documents/mysite/yii/web'
    'REMOTE_ADDR' => '::1'
    'REMOTE_PORT' => '47506'
    'SERVER_SOFTWARE' => 'PHP 7.4.21 Development Server'
    'SERVER_PROTOCOL' => 'HTTP/1.1'
    'SERVER_NAME' => 'localhost'
    'SERVER_PORT' => '80'
    'REQUEST_URI' => '/country/view?id=AU'
    'REQUEST_METHOD' => 'GET'
    'SCRIPT_NAME' => '/index.php'
    'SCRIPT_FILENAME' => '/home/qalandaraxmedov/Documents/mysite/yii/web/index.php'
    'PATH_INFO' => '/country/view'
    'PHP_SELF' => '/index.php/country/view'
    'QUERY_STRING' => 'id=AU'
    'HTTP_HOST' => 'localhost'
    'HTTP_USER_AGENT' => 'Mozilla/5.0 (X11; Linux x86_64; rv:78.0) Gecko/20100101 Firefox/78.0'
    'HTTP_ACCEPT' => 'text/html,application/xhtml+xml,application/xml;q=0.9,image/webp,*/*;q=0.8'
    'HTTP_ACCEPT_LANGUAGE' => 'en-US,en;q=0.5'
    'HTTP_ACCEPT_ENCODING' => 'gzip, deflate'
    'HTTP_CONNECTION' => 'keep-alive'
    'HTTP_REFERER' => 'http://localhost/country/'
    'HTTP_COOKIE' => 'PHPSESSID=46n0kcibd8dlfucpha31dsirtf; _csrf=516ec8fc9ddd290cb02c6b91208d270fd8002308bebf4e67fc1537ca337fb3e7a%3A2%3A%7Bi%3A0%3Bs%3A5%3A%22_csrf%22%3Bi%3A1%3Bs%3A32%3A%22DHUPP_yRIAaPIbdmqyJ9xQtTKaID9rJr%22%3B%7D'
    'HTTP_UPGRADE_INSECURE_REQUESTS' => '1'
    'REQUEST_TIME_FLOAT' => 1633105080.8073
    'REQUEST_TIME' => 1633105080
]
2021-10-01 16:20:47 [::1][-][46n0kcibd8dlfucpha31dsirtf][error][yii\web\HttpException:400] yii\web\BadRequestHttpException: Missing required parameters: code in /home/qalandaraxmedov/Documents/mysite/yii/vendor/yiisoft/yii2/web/Controller.php:196
Stack trace:
#0 /home/qalandaraxmedov/Documents/mysite/yii/vendor/yiisoft/yii2/base/InlineAction.php(51): yii\web\Controller->bindActionParams()
#1 /home/qalandaraxmedov/Documents/mysite/yii/vendor/yiisoft/yii2/base/Controller.php(181): yii\base\InlineAction->runWithParams()
#2 /home/qalandaraxmedov/Documents/mysite/yii/vendor/yiisoft/yii2/base/Module.php(534): yii\base\Controller->runAction()
#3 /home/qalandaraxmedov/Documents/mysite/yii/vendor/yiisoft/yii2/web/Application.php(104): yii\base\Module->runAction()
#4 /home/qalandaraxmedov/Documents/mysite/yii/vendor/yiisoft/yii2/base/Application.php(392): yii\web\Application->handleRequest()
#5 /home/qalandaraxmedov/Documents/mysite/yii/web/index.php(12): yii\base\Application->run()
#6 {main}
2021-10-01 16:20:47 [::1][-][46n0kcibd8dlfucpha31dsirtf][info][application] $_GET = [
    'id' => 'AU'
]

$_POST = []

$_FILES = []

$_COOKIE = [
    'PHPSESSID' => '46n0kcibd8dlfucpha31dsirtf'
    '_csrf' => '516ec8fc9ddd290cb02c6b91208d270fd8002308bebf4e67fc1537ca337fb3e7a:2:{i:0;s:5:\"_csrf\";i:1;s:32:\"DHUPP_yRIAaPIbdmqyJ9xQtTKaID9rJr\";}'
]

$_SESSION = [
    '__flash' => []
    '__captcha/site/captcha' => 'iovihe'
    '__captcha/site/captchacount' => 1
]

$_SERVER = [
    'DOCUMENT_ROOT' => '/home/qalandaraxmedov/Documents/mysite/yii/web'
    'REMOTE_ADDR' => '::1'
    'REMOTE_PORT' => '47556'
    'SERVER_SOFTWARE' => 'PHP 7.4.21 Development Server'
    'SERVER_PROTOCOL' => 'HTTP/1.1'
    'SERVER_NAME' => 'localhost'
    'SERVER_PORT' => '80'
    'REQUEST_URI' => '/country/view?id=AU'
    'REQUEST_METHOD' => 'GET'
    'SCRIPT_NAME' => '/index.php'
    'SCRIPT_FILENAME' => '/home/qalandaraxmedov/Documents/mysite/yii/web/index.php'
    'PATH_INFO' => '/country/view'
    'PHP_SELF' => '/index.php/country/view'
    'QUERY_STRING' => 'id=AU'
    'HTTP_HOST' => 'localhost'
    'HTTP_USER_AGENT' => 'Mozilla/5.0 (X11; Linux x86_64; rv:78.0) Gecko/20100101 Firefox/78.0'
    'HTTP_ACCEPT' => 'text/html,application/xhtml+xml,application/xml;q=0.9,image/webp,*/*;q=0.8'
    'HTTP_ACCEPT_LANGUAGE' => 'en-US,en;q=0.5'
    'HTTP_ACCEPT_ENCODING' => 'gzip, deflate'
    'HTTP_CONNECTION' => 'keep-alive'
    'HTTP_REFERER' => 'http://localhost/country/'
    'HTTP_COOKIE' => 'PHPSESSID=46n0kcibd8dlfucpha31dsirtf; _csrf=516ec8fc9ddd290cb02c6b91208d270fd8002308bebf4e67fc1537ca337fb3e7a%3A2%3A%7Bi%3A0%3Bs%3A5%3A%22_csrf%22%3Bi%3A1%3Bs%3A32%3A%22DHUPP_yRIAaPIbdmqyJ9xQtTKaID9rJr%22%3B%7D'
    'HTTP_UPGRADE_INSECURE_REQUESTS' => '1'
    'REQUEST_TIME_FLOAT' => 1633105247.2469
    'REQUEST_TIME' => 1633105247
]
2021-10-01 16:31:10 [::1][-][46n0kcibd8dlfucpha31dsirtf][error][yii\web\HttpException:400] yii\web\BadRequestHttpException: Missing required parameters: code in /home/qalandaraxmedov/Documents/mysite/yii/vendor/yiisoft/yii2/web/Controller.php:196
Stack trace:
#0 /home/qalandaraxmedov/Documents/mysite/yii/vendor/yiisoft/yii2/base/InlineAction.php(51): yii\web\Controller->bindActionParams()
#1 /home/qalandaraxmedov/Documents/mysite/yii/vendor/yiisoft/yii2/base/Controller.php(181): yii\base\InlineAction->runWithParams()
#2 /home/qalandaraxmedov/Documents/mysite/yii/vendor/yiisoft/yii2/base/Module.php(534): yii\base\Controller->runAction()
#3 /home/qalandaraxmedov/Documents/mysite/yii/vendor/yiisoft/yii2/web/Application.php(104): yii\base\Module->runAction()
#4 /home/qalandaraxmedov/Documents/mysite/yii/vendor/yiisoft/yii2/base/Application.php(392): yii\web\Application->handleRequest()
#5 /home/qalandaraxmedov/Documents/mysite/yii/web/index.php(12): yii\base\Application->run()
#6 {main}
2021-10-01 16:31:10 [::1][-][46n0kcibd8dlfucpha31dsirtf][info][application] $_GET = [
    'id' => 'AU'
]

$_POST = []

$_FILES = []

$_COOKIE = [
    'PHPSESSID' => '46n0kcibd8dlfucpha31dsirtf'
    '_csrf' => '516ec8fc9ddd290cb02c6b91208d270fd8002308bebf4e67fc1537ca337fb3e7a:2:{i:0;s:5:\"_csrf\";i:1;s:32:\"DHUPP_yRIAaPIbdmqyJ9xQtTKaID9rJr\";}'
]

$_SESSION = [
    '__flash' => []
    '__captcha/site/captcha' => 'iovihe'
    '__captcha/site/captchacount' => 1
]

$_SERVER = [
    'DOCUMENT_ROOT' => '/home/qalandaraxmedov/Documents/mysite/yii/web'
    'REMOTE_ADDR' => '::1'
    'REMOTE_PORT' => '47624'
    'SERVER_SOFTWARE' => 'PHP 7.4.21 Development Server'
    'SERVER_PROTOCOL' => 'HTTP/1.1'
    'SERVER_NAME' => 'localhost'
    'SERVER_PORT' => '80'
    'REQUEST_URI' => '/country/view?id=AU'
    'REQUEST_METHOD' => 'GET'
    'SCRIPT_NAME' => '/index.php'
    'SCRIPT_FILENAME' => '/home/qalandaraxmedov/Documents/mysite/yii/web/index.php'
    'PATH_INFO' => '/country/view'
    'PHP_SELF' => '/index.php/country/view'
    'QUERY_STRING' => 'id=AU'
    'HTTP_HOST' => 'localhost'
    'HTTP_USER_AGENT' => 'Mozilla/5.0 (X11; Linux x86_64; rv:78.0) Gecko/20100101 Firefox/78.0'
    'HTTP_ACCEPT' => 'text/html,application/xhtml+xml,application/xml;q=0.9,image/webp,*/*;q=0.8'
    'HTTP_ACCEPT_LANGUAGE' => 'en-US,en;q=0.5'
    'HTTP_ACCEPT_ENCODING' => 'gzip, deflate'
    'HTTP_REFERER' => 'http://localhost/country/'
    'HTTP_CONNECTION' => 'keep-alive'
    'HTTP_COOKIE' => 'PHPSESSID=46n0kcibd8dlfucpha31dsirtf; _csrf=516ec8fc9ddd290cb02c6b91208d270fd8002308bebf4e67fc1537ca337fb3e7a%3A2%3A%7Bi%3A0%3Bs%3A5%3A%22_csrf%22%3Bi%3A1%3Bs%3A32%3A%22DHUPP_yRIAaPIbdmqyJ9xQtTKaID9rJr%22%3B%7D'
    'HTTP_UPGRADE_INSECURE_REQUESTS' => '1'
    'REQUEST_TIME_FLOAT' => 1633105870.8821
    'REQUEST_TIME' => 1633105870
]
2021-10-01 16:31:15 [::1][-][46n0kcibd8dlfucpha31dsirtf][error][yii\web\HttpException:400] yii\web\BadRequestHttpException: Missing required parameters: code in /home/qalandaraxmedov/Documents/mysite/yii/vendor/yiisoft/yii2/web/Controller.php:196
Stack trace:
#0 /home/qalandaraxmedov/Documents/mysite/yii/vendor/yiisoft/yii2/base/InlineAction.php(51): yii\web\Controller->bindActionParams()
#1 /home/qalandaraxmedov/Documents/mysite/yii/vendor/yiisoft/yii2/base/Controller.php(181): yii\base\InlineAction->runWithParams()
#2 /home/qalandaraxmedov/Documents/mysite/yii/vendor/yiisoft/yii2/base/Module.php(534): yii\base\Controller->runAction()
#3 /home/qalandaraxmedov/Documents/mysite/yii/vendor/yiisoft/yii2/web/Application.php(104): yii\base\Module->runAction()
#4 /home/qalandaraxmedov/Documents/mysite/yii/vendor/yiisoft/yii2/base/Application.php(392): yii\web\Application->handleRequest()
#5 /home/qalandaraxmedov/Documents/mysite/yii/web/index.php(12): yii\base\Application->run()
#6 {main}
2021-10-01 16:31:15 [::1][-][46n0kcibd8dlfucpha31dsirtf][info][application] $_GET = [
    'id' => 'AU'
]

$_POST = []

$_FILES = []

$_COOKIE = [
    'PHPSESSID' => '46n0kcibd8dlfucpha31dsirtf'
    '_csrf' => '516ec8fc9ddd290cb02c6b91208d270fd8002308bebf4e67fc1537ca337fb3e7a:2:{i:0;s:5:\"_csrf\";i:1;s:32:\"DHUPP_yRIAaPIbdmqyJ9xQtTKaID9rJr\";}'
]

$_SESSION = [
    '__flash' => []
    '__captcha/site/captcha' => 'iovihe'
    '__captcha/site/captchacount' => 1
]

$_SERVER = [
    'DOCUMENT_ROOT' => '/home/qalandaraxmedov/Documents/mysite/yii/web'
    'REMOTE_ADDR' => '::1'
    'REMOTE_PORT' => '47626'
    'SERVER_SOFTWARE' => 'PHP 7.4.21 Development Server'
    'SERVER_PROTOCOL' => 'HTTP/1.1'
    'SERVER_NAME' => 'localhost'
    'SERVER_PORT' => '80'
    'REQUEST_URI' => '/country/view?id=AU'
    'REQUEST_METHOD' => 'GET'
    'SCRIPT_NAME' => '/index.php'
    'SCRIPT_FILENAME' => '/home/qalandaraxmedov/Documents/mysite/yii/web/index.php'
    'PATH_INFO' => '/country/view'
    'PHP_SELF' => '/index.php/country/view'
    'QUERY_STRING' => 'id=AU'
    'HTTP_HOST' => 'localhost'
    'HTTP_USER_AGENT' => 'Mozilla/5.0 (X11; Linux x86_64; rv:78.0) Gecko/20100101 Firefox/78.0'
    'HTTP_ACCEPT' => 'text/html,application/xhtml+xml,application/xml;q=0.9,image/webp,*/*;q=0.8'
    'HTTP_ACCEPT_LANGUAGE' => 'en-US,en;q=0.5'
    'HTTP_ACCEPT_ENCODING' => 'gzip, deflate'
    'HTTP_REFERER' => 'http://localhost/country/'
    'HTTP_CONNECTION' => 'keep-alive'
    'HTTP_COOKIE' => 'PHPSESSID=46n0kcibd8dlfucpha31dsirtf; _csrf=516ec8fc9ddd290cb02c6b91208d270fd8002308bebf4e67fc1537ca337fb3e7a%3A2%3A%7Bi%3A0%3Bs%3A5%3A%22_csrf%22%3Bi%3A1%3Bs%3A32%3A%22DHUPP_yRIAaPIbdmqyJ9xQtTKaID9rJr%22%3B%7D'
    'HTTP_UPGRADE_INSECURE_REQUESTS' => '1'
    'HTTP_CACHE_CONTROL' => 'max-age=0'
    'REQUEST_TIME_FLOAT' => 1633105875.0517
    'REQUEST_TIME' => 1633105875
]
2021-10-01 16:31:18 [::1][-][46n0kcibd8dlfucpha31dsirtf][error][yii\web\HttpException:400] yii\web\BadRequestHttpException: Missing required parameters: code in /home/qalandaraxmedov/Documents/mysite/yii/vendor/yiisoft/yii2/web/Controller.php:196
Stack trace:
#0 /home/qalandaraxmedov/Documents/mysite/yii/vendor/yiisoft/yii2/base/InlineAction.php(51): yii\web\Controller->bindActionParams()
#1 /home/qalandaraxmedov/Documents/mysite/yii/vendor/yiisoft/yii2/base/Controller.php(181): yii\base\InlineAction->runWithParams()
#2 /home/qalandaraxmedov/Documents/mysite/yii/vendor/yiisoft/yii2/base/Module.php(534): yii\base\Controller->runAction()
#3 /home/qalandaraxmedov/Documents/mysite/yii/vendor/yiisoft/yii2/web/Application.php(104): yii\base\Module->runAction()
#4 /home/qalandaraxmedov/Documents/mysite/yii/vendor/yiisoft/yii2/base/Application.php(392): yii\web\Application->handleRequest()
#5 /home/qalandaraxmedov/Documents/mysite/yii/web/index.php(12): yii\base\Application->run()
#6 {main}
2021-10-01 16:31:18 [::1][-][46n0kcibd8dlfucpha31dsirtf][info][application] $_GET = []

$_POST = []

$_FILES = []

$_COOKIE = [
    'PHPSESSID' => '46n0kcibd8dlfucpha31dsirtf'
    '_csrf' => '516ec8fc9ddd290cb02c6b91208d270fd8002308bebf4e67fc1537ca337fb3e7a:2:{i:0;s:5:\"_csrf\";i:1;s:32:\"DHUPP_yRIAaPIbdmqyJ9xQtTKaID9rJr\";}'
]

$_SESSION = [
    '__flash' => []
    '__captcha/site/captcha' => 'iovihe'
    '__captcha/site/captchacount' => 1
]

$_SERVER = [
    'DOCUMENT_ROOT' => '/home/qalandaraxmedov/Documents/mysite/yii/web'
    'REMOTE_ADDR' => '::1'
    'REMOTE_PORT' => '47638'
    'SERVER_SOFTWARE' => 'PHP 7.4.21 Development Server'
    'SERVER_PROTOCOL' => 'HTTP/1.1'
    'SERVER_NAME' => 'localhost'
    'SERVER_PORT' => '80'
    'REQUEST_URI' => '/country/view'
    'REQUEST_METHOD' => 'GET'
    'SCRIPT_NAME' => '/index.php'
    'SCRIPT_FILENAME' => '/home/qalandaraxmedov/Documents/mysite/yii/web/index.php'
    'PATH_INFO' => '/country/view'
    'PHP_SELF' => '/index.php/country/view'
    'HTTP_HOST' => 'localhost'
    'HTTP_USER_AGENT' => 'Mozilla/5.0 (X11; Linux x86_64; rv:78.0) Gecko/20100101 Firefox/78.0'
    'HTTP_ACCEPT' => 'text/html,application/xhtml+xml,application/xml;q=0.9,image/webp,*/*;q=0.8'
    'HTTP_ACCEPT_LANGUAGE' => 'en-US,en;q=0.5'
    'HTTP_ACCEPT_ENCODING' => 'gzip, deflate'
    'HTTP_CONNECTION' => 'keep-alive'
    'HTTP_COOKIE' => 'PHPSESSID=46n0kcibd8dlfucpha31dsirtf; _csrf=516ec8fc9ddd290cb02c6b91208d270fd8002308bebf4e67fc1537ca337fb3e7a%3A2%3A%7Bi%3A0%3Bs%3A5%3A%22_csrf%22%3Bi%3A1%3Bs%3A32%3A%22DHUPP_yRIAaPIbdmqyJ9xQtTKaID9rJr%22%3B%7D'
    'HTTP_UPGRADE_INSECURE_REQUESTS' => '1'
    'REQUEST_TIME_FLOAT' => 1633105878.0126
    'REQUEST_TIME' => 1633105878
]
2021-10-02 05:25:52 [::1][-][46n0kcibd8dlfucpha31dsirtf][error][yii\web\HttpException:400] yii\web\BadRequestHttpException: Missing required parameters: code in /home/qalandaraxmedov/Documents/mysite/yii/vendor/yiisoft/yii2/web/Controller.php:196
Stack trace:
#0 /home/qalandaraxmedov/Documents/mysite/yii/vendor/yiisoft/yii2/base/InlineAction.php(51): yii\web\Controller->bindActionParams()
#1 /home/qalandaraxmedov/Documents/mysite/yii/vendor/yiisoft/yii2/base/Controller.php(181): yii\base\InlineAction->runWithParams()
#2 /home/qalandaraxmedov/Documents/mysite/yii/vendor/yiisoft/yii2/base/Module.php(534): yii\base\Controller->runAction()
#3 /home/qalandaraxmedov/Documents/mysite/yii/vendor/yiisoft/yii2/web/Application.php(104): yii\base\Module->runAction()
#4 /home/qalandaraxmedov/Documents/mysite/yii/vendor/yiisoft/yii2/base/Application.php(392): yii\web\Application->handleRequest()
#5 /home/qalandaraxmedov/Documents/mysite/yii/web/index.php(12): yii\base\Application->run()
#6 {main}
2021-10-02 05:25:52 [::1][-][46n0kcibd8dlfucpha31dsirtf][info][application] $_GET = [
    'id' => 'AU'
]

$_POST = []

$_FILES = []

$_COOKIE = [
    'PHPSESSID' => '46n0kcibd8dlfucpha31dsirtf'
    '_csrf' => '516ec8fc9ddd290cb02c6b91208d270fd8002308bebf4e67fc1537ca337fb3e7a:2:{i:0;s:5:\"_csrf\";i:1;s:32:\"DHUPP_yRIAaPIbdmqyJ9xQtTKaID9rJr\";}'
]

$_SESSION = [
    '__flash' => []
]

$_SERVER = [
    'DOCUMENT_ROOT' => '/home/qalandaraxmedov/Documents/mysite/yii/web'
    'REMOTE_ADDR' => '::1'
    'REMOTE_PORT' => '47774'
    'SERVER_SOFTWARE' => 'PHP 7.4.21 Development Server'
    'SERVER_PROTOCOL' => 'HTTP/1.1'
    'SERVER_NAME' => 'localhost'
    'SERVER_PORT' => '80'
    'REQUEST_URI' => '/country/view?id=AU'
    'REQUEST_METHOD' => 'GET'
    'SCRIPT_NAME' => '/index.php'
    'SCRIPT_FILENAME' => '/home/qalandaraxmedov/Documents/mysite/yii/web/index.php'
    'PATH_INFO' => '/country/view'
    'PHP_SELF' => '/index.php/country/view'
    'QUERY_STRING' => 'id=AU'
    'HTTP_HOST' => 'localhost'
    'HTTP_USER_AGENT' => 'Mozilla/5.0 (X11; Linux x86_64; rv:78.0) Gecko/20100101 Firefox/78.0'
    'HTTP_ACCEPT' => 'text/html,application/xhtml+xml,application/xml;q=0.9,image/webp,*/*;q=0.8'
    'HTTP_ACCEPT_LANGUAGE' => 'en-US,en;q=0.5'
    'HTTP_ACCEPT_ENCODING' => 'gzip, deflate'
    'HTTP_CONNECTION' => 'keep-alive'
    'HTTP_REFERER' => 'http://localhost/country/'
    'HTTP_COOKIE' => 'PHPSESSID=46n0kcibd8dlfucpha31dsirtf; _csrf=516ec8fc9ddd290cb02c6b91208d270fd8002308bebf4e67fc1537ca337fb3e7a%3A2%3A%7Bi%3A0%3Bs%3A5%3A%22_csrf%22%3Bi%3A1%3Bs%3A32%3A%22DHUPP_yRIAaPIbdmqyJ9xQtTKaID9rJr%22%3B%7D'
    'HTTP_UPGRADE_INSECURE_REQUESTS' => '1'
    'REQUEST_TIME_FLOAT' => 1633152352.3545
    'REQUEST_TIME' => 1633152352
]
2021-10-02 05:29:08 [::1][-][46n0kcibd8dlfucpha31dsirtf][error][yii\web\HttpException:400] yii\web\BadRequestHttpException: Missing required parameters: code in /home/qalandaraxmedov/Documents/mysite/yii/vendor/yiisoft/yii2/web/Controller.php:196
Stack trace:
#0 /home/qalandaraxmedov/Documents/mysite/yii/vendor/yiisoft/yii2/base/InlineAction.php(51): yii\web\Controller->bindActionParams()
#1 /home/qalandaraxmedov/Documents/mysite/yii/vendor/yiisoft/yii2/base/Controller.php(181): yii\base\InlineAction->runWithParams()
#2 /home/qalandaraxmedov/Documents/mysite/yii/vendor/yiisoft/yii2/base/Module.php(534): yii\base\Controller->runAction()
#3 /home/qalandaraxmedov/Documents/mysite/yii/vendor/yiisoft/yii2/web/Application.php(104): yii\base\Module->runAction()
#4 /home/qalandaraxmedov/Documents/mysite/yii/vendor/yiisoft/yii2/base/Application.php(392): yii\web\Application->handleRequest()
#5 /home/qalandaraxmedov/Documents/mysite/yii/web/index.php(12): yii\base\Application->run()
#6 {main}
2021-10-02 05:29:08 [::1][-][46n0kcibd8dlfucpha31dsirtf][info][application] $_GET = [
    'id' => 'FR'
]

$_POST = []

$_FILES = []

$_COOKIE = [
    'PHPSESSID' => '46n0kcibd8dlfucpha31dsirtf'
    '_csrf' => '516ec8fc9ddd290cb02c6b91208d270fd8002308bebf4e67fc1537ca337fb3e7a:2:{i:0;s:5:\"_csrf\";i:1;s:32:\"DHUPP_yRIAaPIbdmqyJ9xQtTKaID9rJr\";}'
]

$_SESSION = [
    '__flash' => []
]

$_SERVER = [
    'DOCUMENT_ROOT' => '/home/qalandaraxmedov/Documents/mysite/yii/web'
    'REMOTE_ADDR' => '::1'
    'REMOTE_PORT' => '48442'
    'SERVER_SOFTWARE' => 'PHP 7.4.21 Development Server'
    'SERVER_PROTOCOL' => 'HTTP/1.1'
    'SERVER_NAME' => 'localhost'
    'SERVER_PORT' => '80'
    'REQUEST_URI' => '/country/view?id=FR'
    'REQUEST_METHOD' => 'GET'
    'SCRIPT_NAME' => '/index.php'
    'SCRIPT_FILENAME' => '/home/qalandaraxmedov/Documents/mysite/yii/web/index.php'
    'PATH_INFO' => '/country/view'
    'PHP_SELF' => '/index.php/country/view'
    'QUERY_STRING' => 'id=FR'
    'HTTP_HOST' => 'localhost'
    'HTTP_USER_AGENT' => 'Mozilla/5.0 (X11; Linux x86_64; rv:78.0) Gecko/20100101 Firefox/78.0'
    'HTTP_ACCEPT' => 'text/html,application/xhtml+xml,application/xml;q=0.9,image/webp,*/*;q=0.8'
    'HTTP_ACCEPT_LANGUAGE' => 'en-US,en;q=0.5'
    'HTTP_ACCEPT_ENCODING' => 'gzip, deflate'
    'HTTP_CONNECTION' => 'keep-alive'
    'HTTP_REFERER' => 'http://localhost/country/index'
    'HTTP_COOKIE' => 'PHPSESSID=46n0kcibd8dlfucpha31dsirtf; _csrf=516ec8fc9ddd290cb02c6b91208d270fd8002308bebf4e67fc1537ca337fb3e7a%3A2%3A%7Bi%3A0%3Bs%3A5%3A%22_csrf%22%3Bi%3A1%3Bs%3A32%3A%22DHUPP_yRIAaPIbdmqyJ9xQtTKaID9rJr%22%3B%7D'
    'HTTP_UPGRADE_INSECURE_REQUESTS' => '1'
    'REQUEST_TIME_FLOAT' => 1633152548.5645
    'REQUEST_TIME' => 1633152548
]
2021-10-02 05:31:09 [::1][-][46n0kcibd8dlfucpha31dsirtf][error][yii\web\HttpException:400] yii\web\BadRequestHttpException: Missing required parameters: code in /home/qalandaraxmedov/Documents/mysite/yii/vendor/yiisoft/yii2/web/Controller.php:196
Stack trace:
#0 /home/qalandaraxmedov/Documents/mysite/yii/vendor/yiisoft/yii2/base/InlineAction.php(51): yii\web\Controller->bindActionParams()
#1 /home/qalandaraxmedov/Documents/mysite/yii/vendor/yiisoft/yii2/base/Controller.php(181): yii\base\InlineAction->runWithParams()
#2 /home/qalandaraxmedov/Documents/mysite/yii/vendor/yiisoft/yii2/base/Module.php(534): yii\base\Controller->runAction()
#3 /home/qalandaraxmedov/Documents/mysite/yii/vendor/yiisoft/yii2/web/Application.php(104): yii\base\Module->runAction()
#4 /home/qalandaraxmedov/Documents/mysite/yii/vendor/yiisoft/yii2/base/Application.php(392): yii\web\Application->handleRequest()
#5 /home/qalandaraxmedov/Documents/mysite/yii/web/index.php(12): yii\base\Application->run()
#6 {main}
2021-10-02 05:31:09 [::1][-][46n0kcibd8dlfucpha31dsirtf][info][application] $_GET = [
    'id' => 'AU'
]

$_POST = []

$_FILES = []

$_COOKIE = [
    'PHPSESSID' => '46n0kcibd8dlfucpha31dsirtf'
    '_csrf' => '516ec8fc9ddd290cb02c6b91208d270fd8002308bebf4e67fc1537ca337fb3e7a:2:{i:0;s:5:\"_csrf\";i:1;s:32:\"DHUPP_yRIAaPIbdmqyJ9xQtTKaID9rJr\";}'
]

$_SESSION = [
    '__flash' => []
]

$_SERVER = [
    'DOCUMENT_ROOT' => '/home/qalandaraxmedov/Documents/mysite/yii/web'
    'REMOTE_ADDR' => '::1'
    'REMOTE_PORT' => '48790'
    'SERVER_SOFTWARE' => 'PHP 7.4.21 Development Server'
    'SERVER_PROTOCOL' => 'HTTP/1.1'
    'SERVER_NAME' => 'localhost'
    'SERVER_PORT' => '80'
    'REQUEST_URI' => '/country/view?id=AU'
    'REQUEST_METHOD' => 'GET'
    'SCRIPT_NAME' => '/index.php'
    'SCRIPT_FILENAME' => '/home/qalandaraxmedov/Documents/mysite/yii/web/index.php'
    'PATH_INFO' => '/country/view'
    'PHP_SELF' => '/index.php/country/view'
    'QUERY_STRING' => 'id=AU'
    'HTTP_HOST' => 'localhost'
    'HTTP_USER_AGENT' => 'Mozilla/5.0 (X11; Linux x86_64; rv:78.0) Gecko/20100101 Firefox/78.0'
    'HTTP_ACCEPT' => 'text/html,application/xhtml+xml,application/xml;q=0.9,image/webp,*/*;q=0.8'
    'HTTP_ACCEPT_LANGUAGE' => 'en-US,en;q=0.5'
    'HTTP_ACCEPT_ENCODING' => 'gzip, deflate'
    'HTTP_CONNECTION' => 'keep-alive'
    'HTTP_REFERER' => 'http://localhost/country/index'
    'HTTP_COOKIE' => 'PHPSESSID=46n0kcibd8dlfucpha31dsirtf; _csrf=516ec8fc9ddd290cb02c6b91208d270fd8002308bebf4e67fc1537ca337fb3e7a%3A2%3A%7Bi%3A0%3Bs%3A5%3A%22_csrf%22%3Bi%3A1%3Bs%3A32%3A%22DHUPP_yRIAaPIbdmqyJ9xQtTKaID9rJr%22%3B%7D'
    'HTTP_UPGRADE_INSECURE_REQUESTS' => '1'
    'REQUEST_TIME_FLOAT' => 1633152669.4904
    'REQUEST_TIME' => 1633152669
]
2021-10-02 05:32:27 [::1][-][46n0kcibd8dlfucpha31dsirtf][error][yii\web\HttpException:400] yii\web\BadRequestHttpException: Missing required parameters: id in /home/qalandaraxmedov/Documents/mysite/yii/vendor/yiisoft/yii2/web/Controller.php:196
Stack trace:
#0 /home/qalandaraxmedov/Documents/mysite/yii/vendor/yiisoft/yii2/base/InlineAction.php(51): yii\web\Controller->bindActionParams()
#1 /home/qalandaraxmedov/Documents/mysite/yii/vendor/yiisoft/yii2/base/Controller.php(181): yii\base\InlineAction->runWithParams()
#2 /home/qalandaraxmedov/Documents/mysite/yii/vendor/yiisoft/yii2/base/Module.php(534): yii\base\Controller->runAction()
#3 /home/qalandaraxmedov/Documents/mysite/yii/vendor/yiisoft/yii2/web/Application.php(104): yii\base\Module->runAction()
#4 /home/qalandaraxmedov/Documents/mysite/yii/vendor/yiisoft/yii2/base/Application.php(392): yii\web\Application->handleRequest()
#5 /home/qalandaraxmedov/Documents/mysite/yii/web/index.php(12): yii\base\Application->run()
#6 {main}
2021-10-02 05:32:27 [::1][-][46n0kcibd8dlfucpha31dsirtf][info][application] $_GET = [
    'code' => 'AU'
]

$_POST = []

$_FILES = []

$_COOKIE = [
    'PHPSESSID' => '46n0kcibd8dlfucpha31dsirtf'
    '_csrf' => '516ec8fc9ddd290cb02c6b91208d270fd8002308bebf4e67fc1537ca337fb3e7a:2:{i:0;s:5:\"_csrf\";i:1;s:32:\"DHUPP_yRIAaPIbdmqyJ9xQtTKaID9rJr\";}'
]

$_SESSION = [
    '__flash' => []
]

$_SERVER = [
    'DOCUMENT_ROOT' => '/home/qalandaraxmedov/Documents/mysite/yii/web'
    'REMOTE_ADDR' => '::1'
    'REMOTE_PORT' => '49014'
    'SERVER_SOFTWARE' => 'PHP 7.4.21 Development Server'
    'SERVER_PROTOCOL' => 'HTTP/1.1'
    'SERVER_NAME' => 'localhost'
    'SERVER_PORT' => '80'
    'REQUEST_URI' => '/country/view?code=AU'
    'REQUEST_METHOD' => 'GET'
    'SCRIPT_NAME' => '/index.php'
    'SCRIPT_FILENAME' => '/home/qalandaraxmedov/Documents/mysite/yii/web/index.php'
    'PATH_INFO' => '/country/view'
    'PHP_SELF' => '/index.php/country/view'
    'QUERY_STRING' => 'code=AU'
    'HTTP_HOST' => 'localhost'
    'HTTP_USER_AGENT' => 'Mozilla/5.0 (X11; Linux x86_64; rv:78.0) Gecko/20100101 Firefox/78.0'
    'HTTP_ACCEPT' => 'text/html,application/xhtml+xml,application/xml;q=0.9,image/webp,*/*;q=0.8'
    'HTTP_ACCEPT_LANGUAGE' => 'en-US,en;q=0.5'
    'HTTP_ACCEPT_ENCODING' => 'gzip, deflate'
    'HTTP_CONNECTION' => 'keep-alive'
    'HTTP_COOKIE' => 'PHPSESSID=46n0kcibd8dlfucpha31dsirtf; _csrf=516ec8fc9ddd290cb02c6b91208d270fd8002308bebf4e67fc1537ca337fb3e7a%3A2%3A%7Bi%3A0%3Bs%3A5%3A%22_csrf%22%3Bi%3A1%3Bs%3A32%3A%22DHUPP_yRIAaPIbdmqyJ9xQtTKaID9rJr%22%3B%7D'
    'HTTP_UPGRADE_INSECURE_REQUESTS' => '1'
    'HTTP_CACHE_CONTROL' => 'max-age=0'
    'REQUEST_TIME_FLOAT' => 1633152747.798
    'REQUEST_TIME' => 1633152747
]
2021-10-02 05:34:12 [::1][-][46n0kcibd8dlfucpha31dsirtf][error][yii\web\HttpException:400] yii\web\BadRequestHttpException: Missing required parameters: id in /home/qalandaraxmedov/Documents/mysite/yii/vendor/yiisoft/yii2/web/Controller.php:196
Stack trace:
#0 /home/qalandaraxmedov/Documents/mysite/yii/vendor/yiisoft/yii2/base/InlineAction.php(51): yii\web\Controller->bindActionParams()
#1 /home/qalandaraxmedov/Documents/mysite/yii/vendor/yiisoft/yii2/base/Controller.php(181): yii\base\InlineAction->runWithParams()
#2 /home/qalandaraxmedov/Documents/mysite/yii/vendor/yiisoft/yii2/base/Module.php(534): yii\base\Controller->runAction()
#3 /home/qalandaraxmedov/Documents/mysite/yii/vendor/yiisoft/yii2/web/Application.php(104): yii\base\Module->runAction()
#4 /home/qalandaraxmedov/Documents/mysite/yii/vendor/yiisoft/yii2/base/Application.php(392): yii\web\Application->handleRequest()
#5 /home/qalandaraxmedov/Documents/mysite/yii/web/index.php(12): yii\base\Application->run()
#6 {main}
2021-10-02 05:34:12 [::1][-][46n0kcibd8dlfucpha31dsirtf][info][application] $_GET = [
    'code' => 'AU'
]

$_POST = []

$_FILES = []

$_COOKIE = [
    'PHPSESSID' => '46n0kcibd8dlfucpha31dsirtf'
    '_csrf' => '516ec8fc9ddd290cb02c6b91208d270fd8002308bebf4e67fc1537ca337fb3e7a:2:{i:0;s:5:\"_csrf\";i:1;s:32:\"DHUPP_yRIAaPIbdmqyJ9xQtTKaID9rJr\";}'
]

$_SESSION = [
    '__flash' => []
]

$_SERVER = [
    'DOCUMENT_ROOT' => '/home/qalandaraxmedov/Documents/mysite/yii/web'
    'REMOTE_ADDR' => '::1'
    'REMOTE_PORT' => '49388'
    'SERVER_SOFTWARE' => 'PHP 7.4.21 Development Server'
    'SERVER_PROTOCOL' => 'HTTP/1.1'
    'SERVER_NAME' => 'localhost'
    'SERVER_PORT' => '80'
    'REQUEST_URI' => '/country/view?code=AU'
    'REQUEST_METHOD' => 'GET'
    'SCRIPT_NAME' => '/index.php'
    'SCRIPT_FILENAME' => '/home/qalandaraxmedov/Documents/mysite/yii/web/index.php'
    'PATH_INFO' => '/country/view'
    'PHP_SELF' => '/index.php/country/view'
    'QUERY_STRING' => 'code=AU'
    'HTTP_HOST' => 'localhost'
    'HTTP_USER_AGENT' => 'Mozilla/5.0 (X11; Linux x86_64; rv:78.0) Gecko/20100101 Firefox/78.0'
    'HTTP_ACCEPT' => 'text/html,application/xhtml+xml,application/xml;q=0.9,image/webp,*/*;q=0.8'
    'HTTP_ACCEPT_LANGUAGE' => 'en-US,en;q=0.5'
    'HTTP_ACCEPT_ENCODING' => 'gzip, deflate'
    'HTTP_REFERER' => 'http://localhost/country/update?code=AU'
    'HTTP_CONNECTION' => 'keep-alive'
    'HTTP_COOKIE' => 'PHPSESSID=46n0kcibd8dlfucpha31dsirtf; _csrf=516ec8fc9ddd290cb02c6b91208d270fd8002308bebf4e67fc1537ca337fb3e7a%3A2%3A%7Bi%3A0%3Bs%3A5%3A%22_csrf%22%3Bi%3A1%3Bs%3A32%3A%22DHUPP_yRIAaPIbdmqyJ9xQtTKaID9rJr%22%3B%7D'
    'HTTP_UPGRADE_INSECURE_REQUESTS' => '1'
    'REQUEST_TIME_FLOAT' => 1633152852.3849
    'REQUEST_TIME' => 1633152852
]
2021-10-02 05:41:09 [::1][-][46n0kcibd8dlfucpha31dsirtf][error][yii\web\HttpException:400] yii\web\BadRequestHttpException: Missing required parameters: id in /home/qalandaraxmedov/Documents/mysite/yii/vendor/yiisoft/yii2/web/Controller.php:196
Stack trace:
#0 /home/qalandaraxmedov/Documents/mysite/yii/vendor/yiisoft/yii2/base/InlineAction.php(51): yii\web\Controller->bindActionParams()
#1 /home/qalandaraxmedov/Documents/mysite/yii/vendor/yiisoft/yii2/base/Controller.php(181): yii\base\InlineAction->runWithParams()
#2 /home/qalandaraxmedov/Documents/mysite/yii/vendor/yiisoft/yii2/base/Module.php(534): yii\base\Controller->runAction()
#3 /home/qalandaraxmedov/Documents/mysite/yii/vendor/yiisoft/yii2/web/Application.php(104): yii\base\Module->runAction()
#4 /home/qalandaraxmedov/Documents/mysite/yii/vendor/yiisoft/yii2/base/Application.php(392): yii\web\Application->handleRequest()
#5 /home/qalandaraxmedov/Documents/mysite/yii/web/index.php(12): yii\base\Application->run()
#6 {main}
2021-10-02 05:41:09 [::1][-][46n0kcibd8dlfucpha31dsirtf][info][application] $_GET = [
    'code' => 'BR'
]

$_POST = []

$_FILES = []

$_COOKIE = [
    'PHPSESSID' => '46n0kcibd8dlfucpha31dsirtf'
    '_csrf' => '516ec8fc9ddd290cb02c6b91208d270fd8002308bebf4e67fc1537ca337fb3e7a:2:{i:0;s:5:\"_csrf\";i:1;s:32:\"DHUPP_yRIAaPIbdmqyJ9xQtTKaID9rJr\";}'
]

$_SESSION = [
    '__flash' => []
]

$_SERVER = [
    'DOCUMENT_ROOT' => '/home/qalandaraxmedov/Documents/mysite/yii/web'
    'REMOTE_ADDR' => '::1'
    'REMOTE_PORT' => '50022'
    'SERVER_SOFTWARE' => 'PHP 7.4.21 Development Server'
    'SERVER_PROTOCOL' => 'HTTP/1.1'
    'SERVER_NAME' => 'localhost'
    'SERVER_PORT' => '80'
    'REQUEST_URI' => '/country/view?code=BR'
    'REQUEST_METHOD' => 'GET'
    'SCRIPT_NAME' => '/index.php'
    'SCRIPT_FILENAME' => '/home/qalandaraxmedov/Documents/mysite/yii/web/index.php'
    'PATH_INFO' => '/country/view'
    'PHP_SELF' => '/index.php/country/view'
    'QUERY_STRING' => 'code=BR'
    'HTTP_HOST' => 'localhost'
    'HTTP_USER_AGENT' => 'Mozilla/5.0 (X11; Linux x86_64; rv:78.0) Gecko/20100101 Firefox/78.0'
    'HTTP_ACCEPT' => 'text/html,application/xhtml+xml,application/xml;q=0.9,image/webp,*/*;q=0.8'
    'HTTP_ACCEPT_LANGUAGE' => 'en-US,en;q=0.5'
    'HTTP_ACCEPT_ENCODING' => 'gzip, deflate'
    'HTTP_REFERER' => 'http://localhost/country/update?id=BR'
    'HTTP_CONNECTION' => 'keep-alive'
    'HTTP_COOKIE' => 'PHPSESSID=46n0kcibd8dlfucpha31dsirtf; _csrf=516ec8fc9ddd290cb02c6b91208d270fd8002308bebf4e67fc1537ca337fb3e7a%3A2%3A%7Bi%3A0%3Bs%3A5%3A%22_csrf%22%3Bi%3A1%3Bs%3A32%3A%22DHUPP_yRIAaPIbdmqyJ9xQtTKaID9rJr%22%3B%7D'
    'HTTP_UPGRADE_INSECURE_REQUESTS' => '1'
    'REQUEST_TIME_FLOAT' => 1633153269.1593
    'REQUEST_TIME' => 1633153269
]
2021-10-02 05:41:36 [::1][-][46n0kcibd8dlfucpha31dsirtf][error][yii\web\HttpException:400] yii\web\BadRequestHttpException: Missing required parameters: id in /home/qalandaraxmedov/Documents/mysite/yii/vendor/yiisoft/yii2/web/Controller.php:196
Stack trace:
#0 /home/qalandaraxmedov/Documents/mysite/yii/vendor/yiisoft/yii2/base/InlineAction.php(51): yii\web\Controller->bindActionParams()
#1 /home/qalandaraxmedov/Documents/mysite/yii/vendor/yiisoft/yii2/base/Controller.php(181): yii\base\InlineAction->runWithParams()
#2 /home/qalandaraxmedov/Documents/mysite/yii/vendor/yiisoft/yii2/base/Module.php(534): yii\base\Controller->runAction()
#3 /home/qalandaraxmedov/Documents/mysite/yii/vendor/yiisoft/yii2/web/Application.php(104): yii\base\Module->runAction()
#4 /home/qalandaraxmedov/Documents/mysite/yii/vendor/yiisoft/yii2/base/Application.php(392): yii\web\Application->handleRequest()
#5 /home/qalandaraxmedov/Documents/mysite/yii/web/index.php(12): yii\base\Application->run()
#6 {main}
2021-10-02 05:41:36 [::1][-][46n0kcibd8dlfucpha31dsirtf][info][application] $_GET = [
    'code' => 'BR'
]

$_POST = []

$_FILES = []

$_COOKIE = [
    'PHPSESSID' => '46n0kcibd8dlfucpha31dsirtf'
    '_csrf' => '516ec8fc9ddd290cb02c6b91208d270fd8002308bebf4e67fc1537ca337fb3e7a:2:{i:0;s:5:\"_csrf\";i:1;s:32:\"DHUPP_yRIAaPIbdmqyJ9xQtTKaID9rJr\";}'
]

$_SESSION = [
    '__flash' => []
]

$_SERVER = [
    'DOCUMENT_ROOT' => '/home/qalandaraxmedov/Documents/mysite/yii/web'
    'REMOTE_ADDR' => '::1'
    'REMOTE_PORT' => '50106'
    'SERVER_SOFTWARE' => 'PHP 7.4.21 Development Server'
    'SERVER_PROTOCOL' => 'HTTP/1.1'
    'SERVER_NAME' => 'localhost'
    'SERVER_PORT' => '80'
    'REQUEST_URI' => '/country/view?code=BR'
    'REQUEST_METHOD' => 'GET'
    'SCRIPT_NAME' => '/index.php'
    'SCRIPT_FILENAME' => '/home/qalandaraxmedov/Documents/mysite/yii/web/index.php'
    'PATH_INFO' => '/country/view'
    'PHP_SELF' => '/index.php/country/view'
    'QUERY_STRING' => 'code=BR'
    'HTTP_HOST' => 'localhost'
    'HTTP_USER_AGENT' => 'Mozilla/5.0 (X11; Linux x86_64; rv:78.0) Gecko/20100101 Firefox/78.0'
    'HTTP_ACCEPT' => 'text/html,application/xhtml+xml,application/xml;q=0.9,image/webp,*/*;q=0.8'
    'HTTP_ACCEPT_LANGUAGE' => 'en-US,en;q=0.5'
    'HTTP_ACCEPT_ENCODING' => 'gzip, deflate'
    'HTTP_REFERER' => 'http://localhost/country/update?id=BR'
    'HTTP_CONNECTION' => 'keep-alive'
    'HTTP_COOKIE' => 'PHPSESSID=46n0kcibd8dlfucpha31dsirtf; _csrf=516ec8fc9ddd290cb02c6b91208d270fd8002308bebf4e67fc1537ca337fb3e7a%3A2%3A%7Bi%3A0%3Bs%3A5%3A%22_csrf%22%3Bi%3A1%3Bs%3A32%3A%22DHUPP_yRIAaPIbdmqyJ9xQtTKaID9rJr%22%3B%7D'
    'HTTP_UPGRADE_INSECURE_REQUESTS' => '1'
    'HTTP_CACHE_CONTROL' => 'max-age=0'
    'REQUEST_TIME_FLOAT' => 1633153296.1109
    'REQUEST_TIME' => 1633153296
]
2021-10-02 05:41:37 [::1][-][46n0kcibd8dlfucpha31dsirtf][error][yii\web\HttpException:400] yii\web\BadRequestHttpException: Missing required parameters: id in /home/qalandaraxmedov/Documents/mysite/yii/vendor/yiisoft/yii2/web/Controller.php:196
Stack trace:
#0 /home/qalandaraxmedov/Documents/mysite/yii/vendor/yiisoft/yii2/base/InlineAction.php(51): yii\web\Controller->bindActionParams()
#1 /home/qalandaraxmedov/Documents/mysite/yii/vendor/yiisoft/yii2/base/Controller.php(181): yii\base\InlineAction->runWithParams()
#2 /home/qalandaraxmedov/Documents/mysite/yii/vendor/yiisoft/yii2/base/Module.php(534): yii\base\Controller->runAction()
#3 /home/qalandaraxmedov/Documents/mysite/yii/vendor/yiisoft/yii2/web/Application.php(104): yii\base\Module->runAction()
#4 /home/qalandaraxmedov/Documents/mysite/yii/vendor/yiisoft/yii2/base/Application.php(392): yii\web\Application->handleRequest()
#5 /home/qalandaraxmedov/Documents/mysite/yii/web/index.php(12): yii\base\Application->run()
#6 {main}
2021-10-02 05:41:37 [::1][-][46n0kcibd8dlfucpha31dsirtf][info][application] $_GET = [
    'code' => 'BR'
]

$_POST = []

$_FILES = []

$_COOKIE = [
    'PHPSESSID' => '46n0kcibd8dlfucpha31dsirtf'
    '_csrf' => '516ec8fc9ddd290cb02c6b91208d270fd8002308bebf4e67fc1537ca337fb3e7a:2:{i:0;s:5:\"_csrf\";i:1;s:32:\"DHUPP_yRIAaPIbdmqyJ9xQtTKaID9rJr\";}'
]

$_SESSION = [
    '__flash' => []
]

$_SERVER = [
    'DOCUMENT_ROOT' => '/home/qalandaraxmedov/Documents/mysite/yii/web'
    'REMOTE_ADDR' => '::1'
    'REMOTE_PORT' => '50120'
    'SERVER_SOFTWARE' => 'PHP 7.4.21 Development Server'
    'SERVER_PROTOCOL' => 'HTTP/1.1'
    'SERVER_NAME' => 'localhost'
    'SERVER_PORT' => '80'
    'REQUEST_URI' => '/country/view?code=BR'
    'REQUEST_METHOD' => 'GET'
    'SCRIPT_NAME' => '/index.php'
    'SCRIPT_FILENAME' => '/home/qalandaraxmedov/Documents/mysite/yii/web/index.php'
    'PATH_INFO' => '/country/view'
    'PHP_SELF' => '/index.php/country/view'
    'QUERY_STRING' => 'code=BR'
    'HTTP_HOST' => 'localhost'
    'HTTP_USER_AGENT' => 'Mozilla/5.0 (X11; Linux x86_64; rv:78.0) Gecko/20100101 Firefox/78.0'
    'HTTP_ACCEPT' => 'text/html,application/xhtml+xml,application/xml;q=0.9,image/webp,*/*;q=0.8'
    'HTTP_ACCEPT_LANGUAGE' => 'en-US,en;q=0.5'
    'HTTP_ACCEPT_ENCODING' => 'gzip, deflate'
    'HTTP_REFERER' => 'http://localhost/country/update?id=BR'
    'HTTP_CONNECTION' => 'keep-alive'
    'HTTP_COOKIE' => 'PHPSESSID=46n0kcibd8dlfucpha31dsirtf; _csrf=516ec8fc9ddd290cb02c6b91208d270fd8002308bebf4e67fc1537ca337fb3e7a%3A2%3A%7Bi%3A0%3Bs%3A5%3A%22_csrf%22%3Bi%3A1%3Bs%3A32%3A%22DHUPP_yRIAaPIbdmqyJ9xQtTKaID9rJr%22%3B%7D'
    'HTTP_UPGRADE_INSECURE_REQUESTS' => '1'
    'HTTP_CACHE_CONTROL' => 'max-age=0'
    'REQUEST_TIME_FLOAT' => 1633153297.2803
    'REQUEST_TIME' => 1633153297
]
2021-10-02 05:41:38 [::1][-][46n0kcibd8dlfucpha31dsirtf][error][yii\web\HttpException:400] yii\web\BadRequestHttpException: Missing required parameters: id in /home/qalandaraxmedov/Documents/mysite/yii/vendor/yiisoft/yii2/web/Controller.php:196
Stack trace:
#0 /home/qalandaraxmedov/Documents/mysite/yii/vendor/yiisoft/yii2/base/InlineAction.php(51): yii\web\Controller->bindActionParams()
#1 /home/qalandaraxmedov/Documents/mysite/yii/vendor/yiisoft/yii2/base/Controller.php(181): yii\base\InlineAction->runWithParams()
#2 /home/qalandaraxmedov/Documents/mysite/yii/vendor/yiisoft/yii2/base/Module.php(534): yii\base\Controller->runAction()
#3 /home/qalandaraxmedov/Documents/mysite/yii/vendor/yiisoft/yii2/web/Application.php(104): yii\base\Module->runAction()
#4 /home/qalandaraxmedov/Documents/mysite/yii/vendor/yiisoft/yii2/base/Application.php(392): yii\web\Application->handleRequest()
#5 /home/qalandaraxmedov/Documents/mysite/yii/web/index.php(12): yii\base\Application->run()
#6 {main}
2021-10-02 05:41:38 [::1][-][46n0kcibd8dlfucpha31dsirtf][info][application] $_GET = [
    'code' => 'BR'
]

$_POST = []

$_FILES = []

$_COOKIE = [
    'PHPSESSID' => '46n0kcibd8dlfucpha31dsirtf'
    '_csrf' => '516ec8fc9ddd290cb02c6b91208d270fd8002308bebf4e67fc1537ca337fb3e7a:2:{i:0;s:5:\"_csrf\";i:1;s:32:\"DHUPP_yRIAaPIbdmqyJ9xQtTKaID9rJr\";}'
]

$_SESSION = [
    '__flash' => []
]

$_SERVER = [
    'DOCUMENT_ROOT' => '/home/qalandaraxmedov/Documents/mysite/yii/web'
    'REMOTE_ADDR' => '::1'
    'REMOTE_PORT' => '50136'
    'SERVER_SOFTWARE' => 'PHP 7.4.21 Development Server'
    'SERVER_PROTOCOL' => 'HTTP/1.1'
    'SERVER_NAME' => 'localhost'
    'SERVER_PORT' => '80'
    'REQUEST_URI' => '/country/view?code=BR'
    'REQUEST_METHOD' => 'GET'
    'SCRIPT_NAME' => '/index.php'
    'SCRIPT_FILENAME' => '/home/qalandaraxmedov/Documents/mysite/yii/web/index.php'
    'PATH_INFO' => '/country/view'
    'PHP_SELF' => '/index.php/country/view'
    'QUERY_STRING' => 'code=BR'
    'HTTP_HOST' => 'localhost'
    'HTTP_USER_AGENT' => 'Mozilla/5.0 (X11; Linux x86_64; rv:78.0) Gecko/20100101 Firefox/78.0'
    'HTTP_ACCEPT' => 'text/html,application/xhtml+xml,application/xml;q=0.9,image/webp,*/*;q=0.8'
    'HTTP_ACCEPT_LANGUAGE' => 'en-US,en;q=0.5'
    'HTTP_ACCEPT_ENCODING' => 'gzip, deflate'
    'HTTP_REFERER' => 'http://localhost/country/update?id=BR'
    'HTTP_CONNECTION' => 'keep-alive'
    'HTTP_COOKIE' => 'PHPSESSID=46n0kcibd8dlfucpha31dsirtf; _csrf=516ec8fc9ddd290cb02c6b91208d270fd8002308bebf4e67fc1537ca337fb3e7a%3A2%3A%7Bi%3A0%3Bs%3A5%3A%22_csrf%22%3Bi%3A1%3Bs%3A32%3A%22DHUPP_yRIAaPIbdmqyJ9xQtTKaID9rJr%22%3B%7D'
    'HTTP_UPGRADE_INSECURE_REQUESTS' => '1'
    'HTTP_CACHE_CONTROL' => 'max-age=0'
    'REQUEST_TIME_FLOAT' => 1633153298.302
    'REQUEST_TIME' => 1633153298
]
2021-10-02 05:41:39 [::1][-][46n0kcibd8dlfucpha31dsirtf][error][yii\web\HttpException:400] yii\web\BadRequestHttpException: Missing required parameters: id in /home/qalandaraxmedov/Documents/mysite/yii/vendor/yiisoft/yii2/web/Controller.php:196
Stack trace:
#0 /home/qalandaraxmedov/Documents/mysite/yii/vendor/yiisoft/yii2/base/InlineAction.php(51): yii\web\Controller->bindActionParams()
#1 /home/qalandaraxmedov/Documents/mysite/yii/vendor/yiisoft/yii2/base/Controller.php(181): yii\base\InlineAction->runWithParams()
#2 /home/qalandaraxmedov/Documents/mysite/yii/vendor/yiisoft/yii2/base/Module.php(534): yii\base\Controller->runAction()
#3 /home/qalandaraxmedov/Documents/mysite/yii/vendor/yiisoft/yii2/web/Application.php(104): yii\base\Module->runAction()
#4 /home/qalandaraxmedov/Documents/mysite/yii/vendor/yiisoft/yii2/base/Application.php(392): yii\web\Application->handleRequest()
#5 /home/qalandaraxmedov/Documents/mysite/yii/web/index.php(12): yii\base\Application->run()
#6 {main}
2021-10-02 05:41:39 [::1][-][46n0kcibd8dlfucpha31dsirtf][info][application] $_GET = [
    'code' => 'BR'
]

$_POST = []

$_FILES = []

$_COOKIE = [
    'PHPSESSID' => '46n0kcibd8dlfucpha31dsirtf'
    '_csrf' => '516ec8fc9ddd290cb02c6b91208d270fd8002308bebf4e67fc1537ca337fb3e7a:2:{i:0;s:5:\"_csrf\";i:1;s:32:\"DHUPP_yRIAaPIbdmqyJ9xQtTKaID9rJr\";}'
]

$_SESSION = [
    '__flash' => []
]

$_SERVER = [
    'DOCUMENT_ROOT' => '/home/qalandaraxmedov/Documents/mysite/yii/web'
    'REMOTE_ADDR' => '::1'
    'REMOTE_PORT' => '50156'
    'SERVER_SOFTWARE' => 'PHP 7.4.21 Development Server'
    'SERVER_PROTOCOL' => 'HTTP/1.1'
    'SERVER_NAME' => 'localhost'
    'SERVER_PORT' => '80'
    'REQUEST_URI' => '/country/view?code=BR'
    'REQUEST_METHOD' => 'GET'
    'SCRIPT_NAME' => '/index.php'
    'SCRIPT_FILENAME' => '/home/qalandaraxmedov/Documents/mysite/yii/web/index.php'
    'PATH_INFO' => '/country/view'
    'PHP_SELF' => '/index.php/country/view'
    'QUERY_STRING' => 'code=BR'
    'HTTP_HOST' => 'localhost'
    'HTTP_USER_AGENT' => 'Mozilla/5.0 (X11; Linux x86_64; rv:78.0) Gecko/20100101 Firefox/78.0'
    'HTTP_ACCEPT' => 'text/html,application/xhtml+xml,application/xml;q=0.9,image/webp,*/*;q=0.8'
    'HTTP_ACCEPT_LANGUAGE' => 'en-US,en;q=0.5'
    'HTTP_ACCEPT_ENCODING' => 'gzip, deflate'
    'HTTP_REFERER' => 'http://localhost/country/update?id=BR'
    'HTTP_CONNECTION' => 'keep-alive'
    'HTTP_COOKIE' => 'PHPSESSID=46n0kcibd8dlfucpha31dsirtf; _csrf=516ec8fc9ddd290cb02c6b91208d270fd8002308bebf4e67fc1537ca337fb3e7a%3A2%3A%7Bi%3A0%3Bs%3A5%3A%22_csrf%22%3Bi%3A1%3Bs%3A32%3A%22DHUPP_yRIAaPIbdmqyJ9xQtTKaID9rJr%22%3B%7D'
    'HTTP_UPGRADE_INSECURE_REQUESTS' => '1'
    'HTTP_CACHE_CONTROL' => 'max-age=0'
    'REQUEST_TIME_FLOAT' => 1633153299.76
    'REQUEST_TIME' => 1633153299
]
2021-10-02 06:47:17 [::1][-][46n0kcibd8dlfucpha31dsirtf][error][yii\base\ErrorException:256] yii\base\ErrorException: Exception (Not instantiable) 'yii\di\NotInstantiableException' with message 'Failed to instantiate component or class "app\components\MathCaptchaAction".' 

in /home/qalandaraxmedov/Documents/mysite/yii/vendor/yiisoft/yii2/di/Container.php:510

Stack trace:
#0 /home/qalandaraxmedov/Documents/mysite/yii/vendor/yiisoft/yii2/di/Container.php(386): yii\di\Container->getDependencies()
#1 /home/qalandaraxmedov/Documents/mysite/yii/vendor/yiisoft/yii2/di/Container.php(171): yii\di\Container->build()
#2 /home/qalandaraxmedov/Documents/mysite/yii/vendor/yiisoft/yii2/BaseYii.php(365): yii\di\Container->get()
#3 /home/qalandaraxmedov/Documents/mysite/yii/vendor/yiisoft/yii2/base/Controller.php(251): yii\BaseYii::createObject()
#4 /home/qalandaraxmedov/Documents/mysite/yii/vendor/yiisoft/yii2/captcha/CaptchaValidator.php(76): yii\base\Controller->createAction()
#5 /home/qalandaraxmedov/Documents/mysite/yii/vendor/yiisoft/yii2/captcha/CaptchaValidator.php(100): yii\captcha\CaptchaValidator->createCaptchaAction()
#6 /home/qalandaraxmedov/Documents/mysite/yii/vendor/yiisoft/yii2/captcha/CaptchaValidator.php(90): yii\captcha\CaptchaValidator->getClientOptions()
#7 /home/qalandaraxmedov/Documents/mysite/yii/vendor/yiisoft/yii2/widgets/ActiveField.php(833): yii\captcha\CaptchaValidator->clientValidateAttribute()
#8 /home/qalandaraxmedov/Documents/mysite/yii/vendor/yiisoft/yii2/widgets/ActiveField.php(233): yii\widgets\ActiveField->getClientOptions()
#9 /home/qalandaraxmedov/Documents/mysite/yii/vendor/yiisoft/yii2/widgets/ActiveField.php(223): yii\widgets\ActiveField->begin()
#10 /home/qalandaraxmedov/Documents/mysite/yii/vendor/yiisoft/yii2-bootstrap4/src/ActiveField.php(244): yii\widgets\ActiveField->render()
#11 /home/qalandaraxmedov/Documents/mysite/yii/vendor/yiisoft/yii2/widgets/ActiveField.php(176): yii\bootstrap4\ActiveField->render()
#12 /home/qalandaraxmedov/Documents/mysite/yii/views/site/contact.php(55): yii\widgets\ActiveField->__toString()
#13 /home/qalandaraxmedov/Documents/mysite/yii/vendor/yiisoft/yii2/base/View.php(348): require('/home/qalandara...')
#14 /home/qalandaraxmedov/Documents/mysite/yii/vendor/yiisoft/yii2/base/View.php(257): yii\base\View->renderPhpFile()
#15 /home/qalandaraxmedov/Documents/mysite/yii/vendor/yiisoft/yii2/base/View.php(156): yii\base\View->renderFile()
#16 /home/qalandaraxmedov/Documents/mysite/yii/vendor/yiisoft/yii2/base/Controller.php(410): yii\base\View->render()
#17 /home/qalandaraxmedov/Documents/mysite/yii/controllers/SiteController.php(117): yii\base\Controller->render()
#18 [internal function]: app\controllers\SiteController->actionContact()
#19 /home/qalandaraxmedov/Documents/mysite/yii/vendor/yiisoft/yii2/base/InlineAction.php(57): call_user_func_array()
#20 /home/qalandaraxmedov/Documents/mysite/yii/vendor/yiisoft/yii2/base/Controller.php(181): yii\base\InlineAction->runWithParams()
#21 /home/qalandaraxmedov/Documents/mysite/yii/vendor/yiisoft/yii2/base/Module.php(534): yii\base\Controller->runAction()
#22 /home/qalandaraxmedov/Documents/mysite/yii/vendor/yiisoft/yii2/web/Application.php(104): yii\base\Module->runAction()
#23 /home/qalandaraxmedov/Documents/mysite/yii/vendor/yiisoft/yii2/base/Application.php(392): yii\web\Application->handleRequest()
#24 /home/qalandaraxmedov/Documents/mysite/yii/web/index.php(13): yii\base\Application->run()
#25 {main} in /home/qalandaraxmedov/Documents/mysite/yii/vendor/yiisoft/yii2/base/ErrorHandler.php:343
Stack trace:
#0 [internal function]: yii\base\ErrorHandler->handleError()
#1 /home/qalandaraxmedov/Documents/mysite/yii/vendor/yiisoft/yii2/base/ErrorHandler.php(343): trigger_error()
#2 /home/qalandaraxmedov/Documents/mysite/yii/vendor/yiisoft/yii2/widgets/ActiveField.php(178): yii\base\ErrorHandler::convertExceptionToError()
#3 /home/qalandaraxmedov/Documents/mysite/yii/views/site/contact.php(55): yii\widgets\ActiveField->__toString()
#4 /home/qalandaraxmedov/Documents/mysite/yii/vendor/yiisoft/yii2/base/View.php(348): require('/home/qalandara...')
#5 /home/qalandaraxmedov/Documents/mysite/yii/vendor/yiisoft/yii2/base/View.php(257): yii\base\View->renderPhpFile()
#6 /home/qalandaraxmedov/Documents/mysite/yii/vendor/yiisoft/yii2/base/View.php(156): yii\base\View->renderFile()
#7 /home/qalandaraxmedov/Documents/mysite/yii/vendor/yiisoft/yii2/base/Controller.php(410): yii\base\View->render()
#8 /home/qalandaraxmedov/Documents/mysite/yii/controllers/SiteController.php(117): yii\base\Controller->render()
#9 [internal function]: app\controllers\SiteController->actionContact()
#10 /home/qalandaraxmedov/Documents/mysite/yii/vendor/yiisoft/yii2/base/InlineAction.php(57): call_user_func_array()
#11 /home/qalandaraxmedov/Documents/mysite/yii/vendor/yiisoft/yii2/base/Controller.php(181): yii\base\InlineAction->runWithParams()
#12 /home/qalandaraxmedov/Documents/mysite/yii/vendor/yiisoft/yii2/base/Module.php(534): yii\base\Controller->runAction()
#13 /home/qalandaraxmedov/Documents/mysite/yii/vendor/yiisoft/yii2/web/Application.php(104): yii\base\Module->runAction()
#14 /home/qalandaraxmedov/Documents/mysite/yii/vendor/yiisoft/yii2/base/Application.php(392): yii\web\Application->handleRequest()
#15 /home/qalandaraxmedov/Documents/mysite/yii/web/index.php(13): yii\base\Application->run()
#16 {main}
2021-10-02 06:47:17 [::1][-][46n0kcibd8dlfucpha31dsirtf][info][application] $_GET = []

$_POST = []

$_FILES = []

$_COOKIE = [
    'PHPSESSID' => '46n0kcibd8dlfucpha31dsirtf'
    '_csrf' => '516ec8fc9ddd290cb02c6b91208d270fd8002308bebf4e67fc1537ca337fb3e7a:2:{i:0;s:5:\"_csrf\";i:1;s:32:\"DHUPP_yRIAaPIbdmqyJ9xQtTKaID9rJr\";}'
]

$_SESSION = [
    '__flash' => []
]

$_SERVER = [
    'DOCUMENT_ROOT' => '/home/qalandaraxmedov/Documents/mysite/yii/web'
    'REMOTE_ADDR' => '::1'
    'REMOTE_PORT' => '52218'
    'SERVER_SOFTWARE' => 'PHP 7.4.21 Development Server'
    'SERVER_PROTOCOL' => 'HTTP/1.1'
    'SERVER_NAME' => 'localhost'
    'SERVER_PORT' => '80'
    'REQUEST_URI' => '/site/contact'
    'REQUEST_METHOD' => 'GET'
    'SCRIPT_NAME' => '/index.php'
    'SCRIPT_FILENAME' => '/home/qalandaraxmedov/Documents/mysite/yii/web/index.php'
    'PATH_INFO' => '/site/contact'
    'PHP_SELF' => '/index.php/site/contact'
    'HTTP_HOST' => 'localhost'
    'HTTP_USER_AGENT' => 'Mozilla/5.0 (X11; Linux x86_64; rv:78.0) Gecko/20100101 Firefox/78.0'
    'HTTP_ACCEPT' => 'text/html,application/xhtml+xml,application/xml;q=0.9,image/webp,*/*;q=0.8'
    'HTTP_ACCEPT_LANGUAGE' => 'en-US,en;q=0.5'
    'HTTP_ACCEPT_ENCODING' => 'gzip, deflate'
    'HTTP_CONNECTION' => 'keep-alive'
    'HTTP_REFERER' => 'http://localhost/site/about'
    'HTTP_COOKIE' => 'PHPSESSID=46n0kcibd8dlfucpha31dsirtf; _csrf=516ec8fc9ddd290cb02c6b91208d270fd8002308bebf4e67fc1537ca337fb3e7a%3A2%3A%7Bi%3A0%3Bs%3A5%3A%22_csrf%22%3Bi%3A1%3Bs%3A32%3A%22DHUPP_yRIAaPIbdmqyJ9xQtTKaID9rJr%22%3B%7D'
    'HTTP_UPGRADE_INSECURE_REQUESTS' => '1'
    'REQUEST_TIME_FLOAT' => 1633157237.5946
    'REQUEST_TIME' => 1633157237
]
